[2021-07-22 12:07:43.828] [exthost] [info] extension host started
[2021-07-22 12:07:44.078] [exthost] [info] ExtensionService#_doActivateExtension vscode.debug-auto-launch {"startup":true,"extensionId":{"value":"vscode.debug-auto-launch","_lower":"vscode.debug-auto-launch"},"activationEvent":"*"}
[2021-07-22 12:07:44.078] [exthost] [info] ExtensionService#loadCommonJSModule file:///usr/lib/code/extensions/debug-auto-launch/dist/extension
[2021-07-22 12:07:44.081] [exthost] [info] ExtensionService#_doActivateExtension vscode.git {"startup":true,"extensionId":{"value":"vscode.github","_lower":"vscode.github"},"activationEvent":"*"}
[2021-07-22 12:07:44.081] [exthost] [info] ExtensionService#loadCommonJSModule file:///usr/lib/code/extensions/git/dist/main
[2021-07-22 12:07:44.108] [exthost] [info] ExtensionService#_doActivateExtension asvetliakov.vscode-neovim {"startup":true,"extensionId":{"value":"asvetliakov.vscode-neovim","_lower":"asvetliakov.vscode-neovim"},"activationEvent":"*"}
[2021-07-22 12:07:44.108] [exthost] [info] ExtensionService#loadCommonJSModule file:///home/selz/.vscode-oss/extensions/asvetliakov.vscode-neovim-0.0.82/dist/extension.js
[2021-07-22 12:07:44.136] [exthost] [info] ExtensionService#_doActivateExtension christian-kohler.path-intellisense {"startup":true,"extensionId":{"value":"christian-kohler.path-intellisense","_lower":"christian-kohler.path-intellisense"},"activationEvent":"*"}
[2021-07-22 12:07:44.136] [exthost] [info] ExtensionService#loadCommonJSModule file:///home/selz/.vscode-oss/extensions/christian-kohler.path-intellisense-2.3.0/out/extension.js
[2021-07-22 12:07:44.154] [exthost] [info] ExtensionService#_doActivateExtension CoenraadS.bracket-pair-colorizer-2 {"startup":true,"extensionId":{"value":"CoenraadS.bracket-pair-colorizer-2","_lower":"coenraads.bracket-pair-colorizer-2"},"activationEvent":"*"}
[2021-07-22 12:07:44.154] [exthost] [info] ExtensionService#loadCommonJSModule file:///home/selz/.vscode-oss/extensions/coenraads.bracket-pair-colorizer-2-0.1.4/out/src/extension
[2021-07-22 12:07:44.172] [exthost] [info] ExtensionService#_doActivateExtension dbaeumer.vscode-eslint {"startup":true,"extensionId":{"value":"dbaeumer.vscode-eslint","_lower":"dbaeumer.vscode-eslint"},"activationEvent":"*"}
[2021-07-22 12:07:44.172] [exthost] [info] ExtensionService#loadCommonJSModule file:///home/selz/.vscode-oss/extensions/dbaeumer.vscode-eslint-2.1.8/client/out/extension
[2021-07-22 12:07:44.181] [exthost] [info] ExtensionService#_doActivateExtension ecmel.vscode-html-css {"startup":true,"extensionId":{"value":"ecmel.vscode-html-css","_lower":"ecmel.vscode-html-css"},"activationEvent":"*"}
[2021-07-22 12:07:44.181] [exthost] [info] ExtensionService#loadCommonJSModule file:///home/selz/.vscode-oss/extensions/ecmel.vscode-html-css-1.9.1/dist/extension.js
[2021-07-22 12:07:44.210] [exthost] [info] ExtensionService#_doActivateExtension Equinusocio.vsc-material-theme {"startup":true,"extensionId":{"value":"Equinusocio.vsc-material-theme","_lower":"equinusocio.vsc-material-theme"},"activationEvent":"*"}
[2021-07-22 12:07:44.210] [exthost] [info] ExtensionService#loadCommonJSModule file:///home/selz/.vscode-oss/extensions/equinusocio.vsc-material-theme-33.2.2/build/material.theme.config
[2021-07-22 12:07:44.220] [exthost] [info] ExtensionService#_doActivateExtension GitHub.vscode-pull-request-github {"startup":true,"extensionId":{"value":"GitHub.vscode-pull-request-github","_lower":"github.vscode-pull-request-github"},"activationEvent":"*"}
[2021-07-22 12:07:44.220] [exthost] [info] ExtensionService#loadCommonJSModule file:///home/selz/.vscode-oss/extensions/github.vscode-pull-request-github-0.26.0/dist/extension
[2021-07-22 12:07:44.257] [exthost] [info] ExtensionService#_doActivateExtension jock.svg {"startup":true,"extensionId":{"value":"jock.svg","_lower":"jock.svg"},"activationEvent":"*"}
[2021-07-22 12:07:44.257] [exthost] [info] ExtensionService#loadCommonJSModule file:///home/selz/.vscode-oss/extensions/jock.svg-1.4.1/client/out/extension.js
[2021-07-22 12:07:44.325] [exthost] [info] ExtensionService#_doActivateExtension PKief.material-icon-theme {"startup":true,"extensionId":{"value":"PKief.material-icon-theme","_lower":"pkief.material-icon-theme"},"activationEvent":"*"}
[2021-07-22 12:07:44.326] [exthost] [info] ExtensionService#loadCommonJSModule file:///home/selz/.vscode-oss/extensions/pkief.material-icon-theme-4.8.0/dist/extension
[2021-07-22 12:07:44.344] [exthost] [info] ExtensionService#_doActivateExtension ritwickdey.LiveServer {"startup":true,"extensionId":{"value":"ritwickdey.LiveServer","_lower":"ritwickdey.liveserver"},"activationEvent":"*"}
[2021-07-22 12:07:44.344] [exthost] [info] ExtensionService#loadCommonJSModule file:///home/selz/.vscode-oss/extensions/ritwickdey.liveserver-5.6.1/out/src/extension
[2021-07-22 12:07:44.718] [exthost] [info] ExtensionService#_doActivateExtension Shan.code-settings-sync {"startup":true,"extensionId":{"value":"Shan.code-settings-sync","_lower":"shan.code-settings-sync"},"activationEvent":"*"}
[2021-07-22 12:07:44.718] [exthost] [info] ExtensionService#loadCommonJSModule file:///home/selz/.vscode-oss/extensions/shan.code-settings-sync-3.4.3/out/extension.js
[2021-07-22 12:07:45.201] [exthost] [info] ExtensionService#_doActivateExtension vscode.github-authentication {"startup":false,"extensionId":{"value":"vscode.github-authentication","_lower":"vscode.github-authentication"},"activationEvent":"onAuthenticationRequest:github"}
[2021-07-22 12:07:45.201] [exthost] [info] ExtensionService#loadCommonJSModule file:///usr/lib/code/extensions/github-authentication/dist/extension.js
[2021-07-22 12:07:45.273] [exthost] [info] ExtensionService#_doActivateExtension ms-vscode.js-debug {"startup":false,"extensionId":{"value":"ms-vscode.js-debug","_lower":"ms-vscode.js-debug"},"activationEvent":"onCommand:extension.js-debug.clearAutoAttachVariables"}
[2021-07-22 12:07:45.273] [exthost] [info] ExtensionService#loadCommonJSModule file:///usr/lib/code/extensions/ms-vscode.js-debug/src/extension.js
[2021-07-22 12:07:45.578] [exthost] [info] ExtensionService#_doActivateExtension vscode.github {"startup":false,"extensionId":{"value":"vscode.github","_lower":"vscode.github"},"activationEvent":"*"}
[2021-07-22 12:07:45.578] [exthost] [info] ExtensionService#loadCommonJSModule file:///usr/lib/code/extensions/github/dist/extension.js
[2021-07-22 12:07:45.916] [exthost] [info] eager extensions activated
[2021-07-22 12:07:45.930] [exthost] [info] ExtensionService#_doActivateExtension vscode.emmet {"startup":false,"extensionId":{"value":"vscode.emmet","_lower":"vscode.emmet"},"activationEvent":"onStartupFinished"}
[2021-07-22 12:07:45.930] [exthost] [info] ExtensionService#loadCommonJSModule file:///usr/lib/code/extensions/emmet/dist/node/emmetNodeMain
[2021-07-22 12:07:45.939] [exthost] [info] ExtensionService#_doActivateExtension vscode.merge-conflict {"startup":false,"extensionId":{"value":"vscode.merge-conflict","_lower":"vscode.merge-conflict"},"activationEvent":"onStartupFinished"}
[2021-07-22 12:07:45.939] [exthost] [info] ExtensionService#loadCommonJSModule file:///usr/lib/code/extensions/merge-conflict/dist/mergeConflictMain
[2021-07-22 12:07:45.942] [exthost] [info] ExtensionService#_doActivateExtension vscode.testing-editor-contributions {"startup":false,"extensionId":{"value":"vscode.testing-editor-contributions","_lower":"vscode.testing-editor-contributions"},"activationEvent":"onStartupFinished"}
[2021-07-22 12:07:45.942] [exthost] [info] ExtensionService#loadCommonJSModule file:///usr/lib/code/extensions/testing-editor-contributions/dist/extension.js
[2021-07-22 12:07:45.943] [exthost] [info] ExtensionService#_doActivateExtension esbenp.prettier-vscode {"startup":false,"extensionId":{"value":"esbenp.prettier-vscode","_lower":"esbenp.prettier-vscode"},"activationEvent":"onStartupFinished"}
[2021-07-22 12:07:45.943] [exthost] [info] ExtensionService#loadCommonJSModule file:///home/selz/.vscode-oss/extensions/esbenp.prettier-vscode-6.4.0/dist/extension
[2021-07-22 12:07:46.042] [exthost] [info] ExtensionService#_doActivateExtension formulahendry.code-runner {"startup":false,"extensionId":{"value":"formulahendry.code-runner","_lower":"formulahendry.code-runner"},"activationEvent":"onStartupFinished"}
[2021-07-22 12:07:46.042] [exthost] [info] ExtensionService#loadCommonJSModule file:///home/selz/.vscode-oss/extensions/formulahendry.code-runner-0.11.5/out/src/extension
[2021-07-22 12:10:07.375] [exthost] [info] ExtensionService#_doActivateExtension llvm-vs-code-extensions.vscode-clangd {"startup":false,"extensionId":{"value":"llvm-vs-code-extensions.vscode-clangd","_lower":"llvm-vs-code-extensions.vscode-clangd"},"activationEvent":"onLanguage:c"}
[2021-07-22 12:10:07.375] [exthost] [info] ExtensionService#loadCommonJSModule file:///home/selz/.vscode-oss/extensions/llvm-vs-code-extensions.vscode-clangd-0.1.11/out/src/extension
[2021-07-22 12:10:08.092] [exthost] [warning] TextEditor is closed/disposed
[2021-07-22 12:55:16.902] [exthost] [error] [llvm-vs-code-extensions.vscode-clangd] provider FAILED
[2021-07-22 12:55:16.902] [exthost] [error] {"_isCancelled":true,"_emitter":null}
[2021-07-22 12:56:47.029] [exthost] [error] [llvm-vs-code-extensions.vscode-clangd] provider FAILED
[2021-07-22 12:56:47.029] [exthost] [error] {"_isCancelled":true,"_emitter":null}
[2021-07-22 12:58:51.579] [exthost] [error] [llvm-vs-code-extensions.vscode-clangd] provider FAILED
[2021-07-22 12:58:51.579] [exthost] [error] {"_isCancelled":false,"_emitter":{"_disposed":false,"_listeners":{"_first":{},"_last":{},"_size":0}}}
[2021-07-22 12:59:30.749] [exthost] [error] [llvm-vs-code-extensions.vscode-clangd] provider FAILED
[2021-07-22 12:59:30.749] [exthost] [error] {"_isCancelled":false,"_emitter":{"_disposed":false,"_listeners":{"_first":{},"_last":{},"_size":0}}}
[2021-07-22 13:00:00.169] [exthost] [error] [llvm-vs-code-extensions.vscode-clangd] provider FAILED
[2021-07-22 13:00:00.169] [exthost] [error] {"_isCancelled":false,"_emitter":{"_disposed":false,"_listeners":{"_first":{},"_last":{},"_size":0}}}
[2021-07-22 13:02:09.261] [exthost] [error] [llvm-vs-code-extensions.vscode-clangd] provider FAILED
[2021-07-22 13:02:09.261] [exthost] [error] {"_isCancelled":true,"_emitter":null}
[2021-07-22 13:02:44.434] [exthost] [error] [llvm-vs-code-extensions.vscode-clangd] provider FAILED
[2021-07-22 13:02:44.434] [exthost] [error] {"_isCancelled":true,"_emitter":null}
[2021-07-22 13:23:54.671] [exthost] [error] [llvm-vs-code-extensions.vscode-clangd] provider FAILED
[2021-07-22 13:23:54.672] [exthost] [error] {"_isCancelled":true,"_emitter":null}
[2021-07-22 13:25:25.051] [exthost] [error] [llvm-vs-code-extensions.vscode-clangd] provider FAILED
[2021-07-22 13:25:25.051] [exthost] [error] {"_isCancelled":true,"_emitter":null}
[2021-07-22 13:25:26.030] [exthost] [error] [llvm-vs-code-extensions.vscode-clangd] provider FAILED
[2021-07-22 13:25:26.030] [exthost] [error] {"_isCancelled":false,"_emitter":{"_disposed":false,"_listeners":{"_first":{},"_last":{},"_size":0}}}
[2021-07-22 13:27:23.030] [exthost] [error] [llvm-vs-code-extensions.vscode-clangd] provider FAILED
[2021-07-22 13:27:23.030] [exthost] [error] {"_isCancelled":true,"_emitter":null}
[2021-07-22 13:28:06.850] [exthost] [error] [llvm-vs-code-extensions.vscode-clangd] provider FAILED
[2021-07-22 13:28:06.850] [exthost] [error] {"_isCancelled":true,"_emitter":null}
[2021-07-22 13:28:07.183] [exthost] [error] [llvm-vs-code-extensions.vscode-clangd] provider FAILED
[2021-07-22 13:28:07.183] [exthost] [error] {"_isCancelled":true,"_emitter":null}
[2021-07-22 13:28:59.224] [exthost] [error] [llvm-vs-code-extensions.vscode-clangd] provider FAILED
[2021-07-22 13:28:59.224] [exthost] [error] {"_isCancelled":true,"_emitter":null}
[2021-07-22 13:28:59.472] [exthost] [error] [llvm-vs-code-extensions.vscode-clangd] provider FAILED
[2021-07-22 13:28:59.472] [exthost] [error] {"_isCancelled":true,"_emitter":null}
[2021-07-22 13:31:01.486] [exthost] [error] [llvm-vs-code-extensions.vscode-clangd] provider FAILED
[2021-07-22 13:31:01.486] [exthost] [error] {"_isCancelled":true,"_emitter":null}
[2021-07-22 13:34:24.681] [exthost] [info] extension host terminating: renderer closed the socket
