["INFO" - 22:03:56] Extension Name: esbenp.prettier-vscode.
["INFO" - 22:03:56] Extension Version: 6.4.0.
["INFO" - 22:06:09] Formatting /home/selz/.config/Code - OSS/User/settings.json
["INFO" - 22:06:09] File Info:
{
  "ignored": false,
  "inferredParser": "json"
}
["INFO" - 22:06:09] No local configuration (i.e. .prettierrc or .editorconfig) detected, falling back to VS Code configuration
["INFO" - 22:06:09] Prettier Options:
{
  "arrowParens": "always",
  "bracketSpacing": true,
  "endOfLine": "lf",
  "htmlWhitespaceSensitivity": "css",
  "insertPragma": false,
  "jsxBracketSameLine": false,
  "jsxSingleQuote": false,
  "printWidth": 80,
  "proseWrap": "preserve",
  "quoteProps": "as-needed",
  "requirePragma": false,
  "semi": true,
  "singleQuote": false,
  "tabWidth": 2,
  "trailingComma": "es5",
  "useTabs": false,
  "vueIndentScriptAndStyle": false,
  "filepath": "/home/selz/.config/Code - OSS/User/settings.json",
  "parser": "json"
}
["INFO" - 22:06:09] Formatting completed in 90.165405ms.
