[2020:09:01:13:50:24:532801 WARNING] Failed to find pie configuration file "pies.conf"! (This should only happen when Gnome-Pie is started for the first time...)
[2020:09:01:13:50:24:532954 WARNING] Failed to find settings file "gnome-pie.conf"! (This should only happen when Gnome-Pie is started for the first time...)
[2020:09:01:13:50:24:535910 MESSAGE] Welcome to Gnome-Pie 0.7.2!
[2020:09:01:13:50:24:536611 MESSAGE] Creating new configuration file in "/home/selz/.config/gnome-pie/pies.conf".
[2020:09:01:13:50:24:543746  ERROR ] gnome_pie_action_registry_new_for_app_info: assertion 'info != NULL' failed
[2020:09:01:13:50:24:543835  ERROR ] gnome_pie_pie_add_action: assertion 'action != NULL' failed
[2020:09:01:13:50:24:543926  ERROR ] gnome_pie_action_registry_new_for_app_info: assertion 'info != NULL' failed
[2020:09:01:13:50:24:543994  ERROR ] gnome_pie_pie_add_action: assertion 'action != NULL' failed
[2020:09:01:13:50:24:544074  ERROR ] gnome_pie_action_registry_new_for_app_info: assertion 'info != NULL' failed
[2020:09:01:13:50:24:544139  ERROR ] gnome_pie_pie_add_action: assertion 'action != NULL' failed
[2020:09:01:13:50:24:544534  ERROR ] gnome_pie_action_registry_new_for_app_info: assertion 'info != NULL' failed
[2020:09:01:13:50:24:544609  ERROR ] gnome_pie_pie_add_action: assertion 'action != NULL' failed
[2020:09:01:13:50:24:547443 WARNING] Failed to find bookmarks file!
[2020:09:01:13:50:24:550915 WARNING] Failed to look up menu_file for "applications.menu"
[2020:09:01:13:50:24:553366 MESSAGE] Saving Pies to "/home/selz/.config/gnome-pie/pies.conf".
[2020:09:01:13:50:24:771989 WARNING] Error loading settings: gnome-pie.conf not found! Using defaults...
[2020:09:01:13:50:24:781362 WARNING] No theme specified! Using default...
[2020:09:01:13:50:24:794002 MESSAGE] Started happily...
[2020:09:01:13:50:28:437348 MESSAGE] Caught signal (2), bye!
[2020:09:07:12:02:51:299088 MESSAGE] Welcome to Gnome-Pie 0.7.2!
[2020:09:07:12:02:51:301801 MESSAGE] Loading Pies from "/home/selz/.config/gnome-pie/pies.conf".
[2020:09:07:12:02:51:307210 WARNING] Failed to find bookmarks file!
[2020:09:07:12:02:51:320612 WARNING] Failed to look up menu_file for "applications.menu"
[2020:09:07:12:02:51:468088 MESSAGE] Started happily...
[2020:09:07:12:03:00:396651 WARNING] Icon "pc speaker - archwiki - chromium" not found! Using default icon...
[2020:09:07:12:03:00:457799 WARNING] Icon "kupfer.py" not found! Using default icon...
[2020:09:07:12:03:09:841914 WARNING] Icon "pc speaker - archwiki - chromium" not found! Using default icon...
[2020:09:07:12:03:09:845156 WARNING] Icon "kupfer.py" not found! Using default icon...
[2020:09:07:12:22:50:294843 MESSAGE] Saving Pies to "/home/selz/.config/gnome-pie/pies.conf".
[2020:09:07:13:52:58:915056 MESSAGE] Caught signal (15), bye!
[2020:12:13:19:29:01:547592 MESSAGE] Welcome to Gnome-Pie 0.7.2!
[2020:12:13:19:29:01:549544 MESSAGE] Loading Pies from "/home/selz/.config/gnome-pie/pies.conf".
[2020:12:13:19:29:01:678730  ERROR ] gnome_pie_app_action_construct: assertion 'icon != NULL' failed
[2020:12:13:19:29:01:678785  ERROR ] gnome_pie_action_group_add_action: assertion 'new_action != NULL' failed
[2020:12:13:19:29:02:088531 MESSAGE] Started happily...
[2020:12:13:19:29:53:329821 WARNING] Icon "xfce terminal" not found! Using default icon...
[2020:12:13:19:29:53:357484 WARNING] Icon "freestyle svg exporter — blender manual - chromium" not found! Using default icon...
[2020:12:13:19:29:53:362150 WARNING] Icon "suite vii in g minor hv 432: passacaille (handel) · ottavio dantone" not found! Using default icon...
[2020:12:13:19:30:35:682025 WARNING] Icon "xfce terminal" not found! Using default icon...
[2020:12:13:19:30:35:688252 WARNING] Icon "freestyle svg exporter — blender manual - chromium" not found! Using default icon...
[2020:12:13:19:30:35:695444 WARNING] Icon "suite vii in g minor hv 432: passacaille (handel) · ottavio dantone" not found! Using default icon...
[2020:12:13:19:31:26:602757 WARNING] Icon "xfce terminal" not found! Using default icon...
[2020:12:13:19:31:26:608667 WARNING] Icon "freestyle svg exporter — blender manual - chromium" not found! Using default icon...
[2020:12:13:19:31:26:621424 WARNING] Icon "suite vii in g minor hv 432: passacaille (handel) · ottavio dantone" not found! Using default icon...
[2020:12:13:19:31:36:523976 WARNING] Icon "xfce terminal" not found! Using default icon...
[2020:12:13:19:31:36:530323 WARNING] Icon "freestyle svg exporter — blender manual - chromium" not found! Using default icon...
[2020:12:13:19:31:36:541266 WARNING] Icon "suite vii in g minor hv 432: passacaille (handel) · ottavio dantone" not found! Using default icon...
[2020:12:13:19:31:46:877284 WARNING] Icon "xfce terminal" not found! Using default icon...
[2020:12:13:19:31:46:883652 WARNING] Icon "freestyle svg exporter — blender manual - chromium" not found! Using default icon...
[2020:12:13:19:31:46:895939 WARNING] Icon "suite vii in g minor hv 432: passacaille (handel) · ottavio dantone" not found! Using default icon...
[2020:12:13:19:31:52:012998 MESSAGE] Caught signal (15), bye!
[2020:12:13:19:31:57:046607 MESSAGE] Welcome to Gnome-Pie 0.7.2!
[2020:12:13:19:31:57:046969 MESSAGE] Loading Pies from "/home/selz/.config/gnome-pie/pies.conf".
[2020:12:13:19:31:57:131950  ERROR ] gnome_pie_app_action_construct: assertion 'icon != NULL' failed
[2020:12:13:19:31:57:131984  ERROR ] gnome_pie_action_group_add_action: assertion 'new_action != NULL' failed
[2020:12:13:19:31:57:555009 MESSAGE] Started happily...
[2020:12:13:19:31:58:685497 WARNING] Icon "xfce terminal" not found! Using default icon...
[2020:12:13:19:31:58:701047 WARNING] Icon "freestyle svg exporter — blender manual - chromium" not found! Using default icon...
[2020:12:13:19:31:58:704340 WARNING] Icon "suite vii in g minor hv 432: passacaille (handel) · ottavio dantone" not found! Using default icon...
[2020:12:13:19:32:39:973806 WARNING] Icon "xfce terminal" not found! Using default icon...
[2020:12:13:19:32:39:981141 WARNING] Icon "freestyle svg exporter — blender manual - chromium" not found! Using default icon...
[2020:12:13:19:32:39:998384 WARNING] Icon "suite vii in g minor hv 432: passacaille (handel) · ottavio dantone" not found! Using default icon...
[2020:12:13:19:32:42:223826 WARNING] Icon "xfce terminal" not found! Using default icon...
[2020:12:13:19:32:42:230983 WARNING] Icon "freestyle svg exporter — blender manual - chromium" not found! Using default icon...
[2020:12:13:19:32:42:243493 WARNING] Icon "suite vii in g minor hv 432: passacaille (handel) · ottavio dantone" not found! Using default icon...
[2020:12:13:19:35:09:107982 WARNING] Icon "xfce terminal" not found! Using default icon...
[2020:12:13:19:35:09:115265 WARNING] Icon "freestyle svg exporter — blender manual - chromium" not found! Using default icon...
[2020:12:13:19:35:09:123129 WARNING] Icon "suite vii in g minor hv 432: passacaille (handel) · ottavio dantone" not found! Using default icon...
[2020:12:13:19:35:39:125780 MESSAGE] Caught signal (15), bye!
[2020:12:13:19:35:42:090082 MESSAGE] Welcome to Gnome-Pie 0.7.2!
[2020:12:13:19:35:42:090441 MESSAGE] Loading Pies from "/home/selz/.config/gnome-pie/pies.conf".
[2020:12:13:19:35:42:175836  ERROR ] gnome_pie_app_action_construct: assertion 'icon != NULL' failed
[2020:12:13:19:35:42:175867  ERROR ] gnome_pie_action_group_add_action: assertion 'new_action != NULL' failed
[2020:12:13:19:35:42:594442 MESSAGE] Started happily...
[2020:12:13:19:35:43:852708 WARNING] Icon "xfce terminal" not found! Using default icon...
[2020:12:13:19:35:43:867149 WARNING] Icon "freestyle svg exporter — blender manual - chromium" not found! Using default icon...
[2020:12:13:19:35:43:871145 WARNING] Icon "massimo troisi freestyle 2 · nello taver, angioletto" not found! Using default icon...
[2020:12:13:19:35:59:294797 WARNING] Icon "xfce terminal" not found! Using default icon...
[2020:12:13:19:35:59:300521 WARNING] Icon "freestyle svg exporter — blender manual - chromium" not found! Using default icon...
[2020:12:13:19:35:59:308727 WARNING] Icon "massimo troisi freestyle 2 · nello taver, angioletto" not found! Using default icon...
[2020:12:13:19:36:38:648851 WARNING] Icon "xfce terminal" not found! Using default icon...
[2020:12:13:19:36:38:654888 WARNING] Icon "freestyle svg exporter — blender manual - chromium" not found! Using default icon...
[2020:12:13:19:36:38:664592 WARNING] Icon "massimo troisi freestyle 2 · nello taver, angioletto" not found! Using default icon...
[2020:12:13:19:36:46:113417 WARNING] Icon "xfce terminal" not found! Using default icon...
[2020:12:13:19:36:46:118889 WARNING] Icon "freestyle svg exporter — blender manual - chromium" not found! Using default icon...
[2020:12:13:19:36:46:128129 WARNING] Icon "massimo troisi freestyle 2 · nello taver, angioletto" not found! Using default icon...
[2020:12:13:19:37:57:290593 WARNING] Icon "xfce terminal" not found! Using default icon...
[2020:12:13:19:37:57:294161 WARNING] Icon "freestyle svg exporter — blender manual - chromium" not found! Using default icon...
[2020:12:13:19:37:57:298733 WARNING] Icon "massimo troisi freestyle 2 · nello taver, angioletto" not found! Using default icon...
[2020:12:13:19:38:00:312809 WARNING] Icon "xfce terminal" not found! Using default icon...
[2020:12:13:19:38:00:319035 WARNING] Icon "freestyle svg exporter — blender manual - chromium" not found! Using default icon...
[2020:12:13:19:38:00:325631 WARNING] Icon "massimo troisi freestyle 2 · nello taver, angioletto" not found! Using default icon...
[2020:12:13:19:38:02:737308 WARNING] Icon "xfce terminal" not found! Using default icon...
[2020:12:13:19:38:02:744408 WARNING] Icon "freestyle svg exporter — blender manual - chromium" not found! Using default icon...
[2020:12:13:19:38:02:751721 WARNING] Icon "massimo troisi freestyle 2 · nello taver, angioletto" not found! Using default icon...
[2020:12:13:19:38:32:554991 WARNING] Icon "xfce terminal" not found! Using default icon...
[2020:12:13:19:38:32:560033 WARNING] Icon "freestyle svg exporter — blender manual - chromium" not found! Using default icon...
[2020:12:13:19:38:32:565711 WARNING] Icon "massimo troisi freestyle 2 · nello taver, angioletto" not found! Using default icon...
[2020:12:13:19:38:55:798974 WARNING] Icon "xfce terminal" not found! Using default icon...
[2020:12:13:19:38:55:804604 WARNING] Icon "freestyle svg exporter — blender manual - chromium" not found! Using default icon...
[2020:12:13:19:38:55:811930 WARNING] Icon "massimo troisi freestyle 2 · nello taver, angioletto" not found! Using default icon...
[2020:12:13:19:38:58:228321 WARNING] Icon "xfce terminal" not found! Using default icon...
[2020:12:13:19:38:58:234853 WARNING] Icon "freestyle svg exporter — blender manual - chromium" not found! Using default icon...
[2020:12:13:19:38:58:241210 WARNING] Icon "massimo troisi freestyle 2 · nello taver, angioletto" not found! Using default icon...
[2020:12:13:19:39:07:509539 WARNING] Icon "xfce terminal" not found! Using default icon...
[2020:12:13:19:39:07:514840 WARNING] Icon "freestyle svg exporter — blender manual - chromium" not found! Using default icon...
[2020:12:13:19:39:07:520491 WARNING] Icon "massimo troisi freestyle 2 · nello taver, angioletto" not found! Using default icon...
[2020:12:13:19:40:24:755096 MESSAGE] Saving Pies to "/home/selz/.config/gnome-pie/pies.conf".
[2020:12:13:19:40:55:828152 MESSAGE] Saving Pies to "/home/selz/.config/gnome-pie/pies.conf".
[2020:12:13:19:42:15:127694 WARNING] Icon "xfce terminal" not found! Using default icon...
[2020:12:13:19:42:15:134710 WARNING] Icon "freestyle svg exporter — blender manual - chromium" not found! Using default icon...
[2020:12:13:19:42:15:140644 WARNING] Icon "massimo troisi freestyle 2 · nello taver, angioletto" not found! Using default icon...
[2020:12:13:19:42:26:374352 WARNING] Icon "xfce terminal" not found! Using default icon...
[2020:12:13:19:42:26:376547 WARNING] Icon "massimo troisi freestyle 2 · nello taver, angioletto" not found! Using default icon...
[2020:12:13:19:42:26:379146 WARNING] Icon "c thread - youtube - chromium" not found! Using default icon...
[2020:12:13:19:42:34:156751 WARNING] Icon "xfce terminal" not found! Using default icon...
[2020:12:13:19:42:34:163457 WARNING] Icon "massimo troisi freestyle 2 · nello taver, angioletto" not found! Using default icon...
[2020:12:13:19:42:34:171898 WARNING] Icon "c thread - youtube - chromium" not found! Using default icon...
[2020:12:13:19:42:35:995397 WARNING] Icon "xfce terminal" not found! Using default icon...
[2020:12:13:19:42:36:001904 WARNING] Icon "massimo troisi freestyle 2 · nello taver, angioletto" not found! Using default icon...
[2020:12:13:19:42:36:010936 WARNING] Icon "c thread - youtube - chromium" not found! Using default icon...
[2020:12:13:19:42:37:732067 WARNING] Icon "xfce terminal" not found! Using default icon...
[2020:12:13:19:42:37:738130 WARNING] Icon "massimo troisi freestyle 2 · nello taver, angioletto" not found! Using default icon...
[2020:12:13:19:42:37:747987 WARNING] Icon "c thread - youtube - chromium" not found! Using default icon...
[2020:12:13:19:42:43:257957 WARNING] Icon "xfce terminal" not found! Using default icon...
[2020:12:13:19:42:43:260309 WARNING] Icon "massimo troisi freestyle 2 · nello taver, angioletto" not found! Using default icon...
[2020:12:13:19:42:43:262066 WARNING] Icon "c thread - youtube - chromium" not found! Using default icon...
[2020:12:13:19:42:46:564336 WARNING] Icon "xfce terminal" not found! Using default icon...
[2020:12:13:19:42:46:566106 WARNING] Icon "massimo troisi freestyle 2 · nello taver, angioletto" not found! Using default icon...
[2020:12:13:19:42:46:567764 WARNING] Icon "c thread - youtube - chromium" not found! Using default icon...
[2020:12:13:19:43:44:398202 WARNING] Icon "xfce terminal" not found! Using default icon...
[2020:12:13:19:43:44:405396 WARNING] Icon "massimo troisi freestyle 2 · nello taver, angioletto" not found! Using default icon...
[2020:12:13:19:43:44:411840 WARNING] Icon "c thread - youtube - chromium" not found! Using default icon...
[2020:12:13:19:43:50:136505 WARNING] Icon "xfce terminal" not found! Using default icon...
[2020:12:13:19:43:50:143318 WARNING] Icon "massimo troisi freestyle 2 · nello taver, angioletto" not found! Using default icon...
[2020:12:13:19:43:50:149015 WARNING] Icon "c thread - youtube - chromium" not found! Using default icon...
[2020:12:13:19:44:16:043561 WARNING] Icon "xfce terminal" not found! Using default icon...
[2020:12:13:19:44:16:049156 WARNING] Icon "massimo troisi freestyle 2 · nello taver, angioletto" not found! Using default icon...
[2020:12:13:19:44:16:055825 WARNING] Icon "c thread - youtube - chromium" not found! Using default icon...
[2020:12:13:19:44:18:923764 WARNING] Icon "xfce terminal" not found! Using default icon...
[2020:12:13:19:44:18:926810 WARNING] Icon "massimo troisi freestyle 2 · nello taver, angioletto" not found! Using default icon...
[2020:12:13:19:44:18:929424 WARNING] Icon "c thread - youtube - chromium" not found! Using default icon...
[2020:12:13:19:45:03:509070 WARNING] Icon "xfce terminal" not found! Using default icon...
[2020:12:13:19:45:03:515759 WARNING] Icon "massimo troisi freestyle 2 · nello taver, angioletto" not found! Using default icon...
[2020:12:13:19:45:03:563386 WARNING] Icon "c thread - youtube - chromium" not found! Using default icon...
[2020:12:13:19:45:06:587054 WARNING] Icon "xfce terminal" not found! Using default icon...
[2020:12:13:19:45:06:596426 WARNING] Icon "massimo troisi freestyle 2 · nello taver, angioletto" not found! Using default icon...
[2020:12:13:19:45:06:601688 WARNING] Icon "c thread - youtube - chromium" not found! Using default icon...
[2020:12:13:19:45:15:716015 WARNING] Icon "xfce terminal" not found! Using default icon...
[2020:12:13:19:45:15:722194 WARNING] Icon "massimo troisi freestyle 2 · nello taver, angioletto" not found! Using default icon...
[2020:12:13:19:45:15:727660 WARNING] Icon "c thread - youtube - chromium" not found! Using default icon...
[2020:12:13:19:46:35:615540 MESSAGE] Saving Pies to "/home/selz/.config/gnome-pie/pies.conf".
[2020:12:13:19:47:01:909405 MESSAGE] Saving Pies to "/home/selz/.config/gnome-pie/pies.conf".
[2020:12:13:19:47:06:349945 WARNING] Icon "xfce terminal" not found! Using default icon...
[2020:12:13:19:47:06:357052 WARNING] Icon "massimo troisi freestyle 2 · nello taver, angioletto" not found! Using default icon...
[2020:12:13:19:47:06:361718 WARNING] Icon "c thread - youtube - chromium" not found! Using default icon...
[2020:12:13:20:21:48:253856 MESSAGE] Saving Pies to "/home/selz/.config/gnome-pie/pies.conf".
[2020:12:13:20:21:54:112145 MESSAGE] Caught signal (15), bye!
[2020:12:13:20:22:48:441973 MESSAGE] Welcome to Gnome-Pie 0.7.2!
[2020:12:13:20:22:48:444619 MESSAGE] Loading Pies from "/home/selz/.config/gnome-pie/pies.conf".
[2020:12:13:20:22:49:517843 MESSAGE] Started happily...
[2020:12:13:20:54:51:230414 MESSAGE] Caught signal (15), bye!
[2020:12:13:20:55:53:440812 MESSAGE] Welcome to Gnome-Pie 0.7.2!
[2020:12:13:20:55:53:441798 MESSAGE] Loading Pies from "/home/selz/.config/gnome-pie/pies.conf".
[2020:12:13:20:55:54:578560 MESSAGE] Started happily...
[2020:12:13:20:58:20:699523 WARNING] Icon "pulseaudio - archwiki - chromium" not found! Using default icon...
[2020:12:13:20:58:26:549753 WARNING] Icon "pulseaudio - archwiki - chromium" not found! Using default icon...
[2020:12:13:20:58:28:863899 WARNING] Icon "pulseaudio - archwiki - chromium" not found! Using default icon...
[2020:12:14:01:07:37:914727 WARNING] Icon "xfce terminal" not found! Using default icon...
[2020:12:14:01:07:37:927118 WARNING] Icon "pulseaudio - archwiki - chromium" not found! Using default icon...
[2020:12:14:02:54:47:316459 WARNING] Icon "pulseaudio - archwiki - chromium" not found! Using default icon...
[2020:12:14:02:54:47:321567 WARNING] Icon "xfce terminal" not found! Using default icon...
[2020:12:14:14:44:26:604203 MESSAGE] Welcome to Gnome-Pie 0.7.2!
[2020:12:14:14:44:26:606277 MESSAGE] Loading Pies from "/home/selz/.config/gnome-pie/pies.conf".
[2020:12:14:14:44:28:177160 MESSAGE] Started happily...
[2020:12:14:16:15:41:106592 WARNING] Icon "microsoft powerpoint - 13-files.ppt - compatibility mode - chromium" not found! Using default icon...
[2020:12:14:16:15:41:134677 WARNING] Icon "xfce terminal" not found! Using default icon...
[2020:12:14:16:15:43:101742 WARNING] Icon "microsoft powerpoint - 13-files.ppt - compatibility mode - chromium" not found! Using default icon...
[2020:12:14:16:15:43:106061 WARNING] Icon "xfce terminal" not found! Using default icon...
[2020:12:14:17:31:37:411636 MESSAGE] Caught signal (15), bye!
[2020:12:14:18:47:10:140053 MESSAGE] Welcome to Gnome-Pie 0.7.2!
[2020:12:14:18:47:10:145424 MESSAGE] Loading Pies from "/home/selz/.config/gnome-pie/pies.conf".
[2020:12:14:18:47:11:464390 MESSAGE] Started happily...
[2020:12:15:02:25:55:349838 WARNING] Icon "gödel, escher, bach: un'eterna ghirlanda brillante - wikipedia - chromium" not found! Using default icon...
[2020:12:15:02:25:55:365420 WARNING] Icon "fragments" not found! Using default icon...
[2020:12:15:13:03:09:977407 WARNING] Icon "document viewer" not found! Using default icon...
[2020:12:15:13:03:09:981644 WARNING] Icon "xfce terminal" not found! Using default icon...
[2020:12:15:13:03:09:988028  ERROR ] gnome_pie_image_load_file_at_size: assertion 'filename != NULL' failed
[2020:12:15:13:03:36:487823 MESSAGE] Welcome to Gnome-Pie 0.7.2!
[2020:12:15:13:03:36:488580 MESSAGE] Loading Pies from "/home/selz/.config/gnome-pie/pies.conf".
[2020:12:15:13:03:37:049588 MESSAGE] Started happily...
[2020:12:15:13:03:37:976226 WARNING] Icon "document viewer" not found! Using default icon...
[2020:12:15:13:03:37:977678 WARNING] Icon "xfce terminal" not found! Using default icon...
[2020:12:15:13:03:37:982315  ERROR ] gnome_pie_image_load_file_at_size: assertion 'filename != NULL' failed
[2020:12:15:13:03:43:170364 MESSAGE] Welcome to Gnome-Pie 0.7.2!
[2020:12:15:13:03:43:170884 MESSAGE] Loading Pies from "/home/selz/.config/gnome-pie/pies.conf".
[2020:12:15:13:03:43:703533 MESSAGE] Started happily...
[2020:12:15:13:03:46:646846 WARNING] Icon "document viewer" not found! Using default icon...
[2020:12:15:13:03:46:649135 WARNING] Icon "xfce terminal" not found! Using default icon...
[2020:12:15:13:03:46:655359  ERROR ] gnome_pie_image_load_file_at_size: assertion 'filename != NULL' failed
[2020:12:15:15:20:46:350198 MESSAGE] Welcome to Gnome-Pie 0.7.2!
[2020:12:15:15:20:46:358384 MESSAGE] Loading Pies from "/home/selz/.config/gnome-pie/pies.conf".
[2020:12:15:15:20:47:504270 MESSAGE] Started happily...
[2020:12:15:15:22:06:933973 WARNING] Icon "xfce4-settings-manager" not found! Using default icon...
[2020:12:15:15:26:30:919671 MESSAGE] Caught signal (15), bye!
[2020:12:15:15:27:06:623931 MESSAGE] Welcome to Gnome-Pie 0.7.2!
[2020:12:15:15:27:06:640114 MESSAGE] Loading Pies from "/home/selz/.config/gnome-pie/pies.conf".
[2020:12:15:15:27:08:409539 MESSAGE] Started happily...
[2020:12:16:12:27:38:817478 MESSAGE] Welcome to Gnome-Pie 0.7.2!
[2020:12:16:12:27:38:819632 MESSAGE] Loading Pies from "/home/selz/.config/gnome-pie/pies.conf".
[2020:12:16:12:27:40:126051 MESSAGE] Started happily...
[2020:12:16:12:42:18:769524 MESSAGE] Caught signal (15), bye!
[2020:12:16:12:42:52:588012 MESSAGE] Welcome to Gnome-Pie 0.7.2!
[2020:12:16:12:42:52:596113 MESSAGE] Loading Pies from "/home/selz/.config/gnome-pie/pies.conf".
[2020:12:16:12:42:53:999083 MESSAGE] Started happily...
[2020:12:19:00:25:57:611523 MESSAGE] Caught signal (15), bye!
[2020:12:19:23:14:43:218367 MESSAGE] Welcome to Gnome-Pie 0.7.2!
[2020:12:19:23:14:43:219788 MESSAGE] Loading Pies from "/home/selz/.config/gnome-pie/pies.conf".
[2020:12:19:23:14:44:532786 MESSAGE] Started happily...
[2020:12:20:02:31:57:264644 MESSAGE] Caught signal (15), bye!
[2020:12:21:10:49:14:326896 MESSAGE] Welcome to Gnome-Pie 0.7.2!
[2020:12:21:10:49:14:363969 MESSAGE] Loading Pies from "/home/selz/.config/gnome-pie/pies.conf".
[2020:12:21:10:49:16:472983 MESSAGE] Started happily...
[2020:12:22:14:25:55:292717 MESSAGE] Welcome to Gnome-Pie 0.7.2!
[2020:12:22:14:25:55:297070 MESSAGE] Loading Pies from "/home/selz/.config/gnome-pie/pies.conf".
[2020:12:22:14:25:56:825861 MESSAGE] Started happily...
[2020:12:23:11:30:27:002340 MESSAGE] Welcome to Gnome-Pie 0.7.2!
[2020:12:23:11:30:27:007208 MESSAGE] Loading Pies from "/home/selz/.config/gnome-pie/pies.conf".
[2020:12:23:11:30:28:156638 MESSAGE] Started happily...
[2020:12:23:21:55:36:859284 MESSAGE] Welcome to Gnome-Pie 0.7.2!
[2020:12:23:21:55:36:865832 MESSAGE] Loading Pies from "/home/selz/.config/gnome-pie/pies.conf".
[2020:12:23:21:55:38:357117 MESSAGE] Started happily...
[2020:12:24:00:37:04:605281 MESSAGE] Caught signal (15), bye!
[2020:12:24:11:21:57:876596 MESSAGE] Welcome to Gnome-Pie 0.7.2!
[2020:12:24:11:21:57:878846 MESSAGE] Loading Pies from "/home/selz/.config/gnome-pie/pies.conf".
[2020:12:24:11:21:59:529602 MESSAGE] Started happily...
[2020:12:24:13:31:42:342491 MESSAGE] Welcome to Gnome-Pie 0.7.2!
[2020:12:24:13:31:42:344169 MESSAGE] Loading Pies from "/home/selz/.config/gnome-pie/pies.conf".
[2020:12:24:13:31:43:880811 MESSAGE] Started happily...
[2020:12:26:12:16:39:989420 MESSAGE] Welcome to Gnome-Pie 0.7.2!
[2020:12:26:12:16:40:005160 MESSAGE] Loading Pies from "/home/selz/.config/gnome-pie/pies.conf".
[2020:12:26:12:16:41:853182 MESSAGE] Started happily...
[2020:12:26:12:30:59:532260 MESSAGE] Caught signal (15), bye!
[2020:12:26:13:13:02:152638 MESSAGE] Welcome to Gnome-Pie 0.7.2!
[2020:12:26:13:13:02:158690 MESSAGE] Loading Pies from "/home/selz/.config/gnome-pie/pies.conf".
[2020:12:26:13:13:03:284258 MESSAGE] Started happily...
[2020:12:26:19:05:40:388924 MESSAGE] Welcome to Gnome-Pie 0.7.2!
[2020:12:26:19:05:40:389691 MESSAGE] Loading Pies from "/home/selz/.config/gnome-pie/pies.conf".
[2020:12:26:19:05:41:787108 MESSAGE] Started happily...
[2020:12:26:20:12:47:770258 MESSAGE] Welcome to Gnome-Pie 0.7.2!
[2020:12:26:20:12:47:791312 MESSAGE] Loading Pies from "/home/selz/.config/gnome-pie/pies.conf".
[2020:12:26:20:12:49:528330 MESSAGE] Started happily...
[2020:12:27:12:14:10:614696 MESSAGE] Welcome to Gnome-Pie 0.7.2!
[2020:12:27:12:14:10:622661 MESSAGE] Loading Pies from "/home/selz/.config/gnome-pie/pies.conf".
[2020:12:27:12:14:12:367780 MESSAGE] Started happily...
[2020:12:27:15:40:04:140920 MESSAGE] Welcome to Gnome-Pie 0.7.2!
[2020:12:27:15:40:04:143765 MESSAGE] Loading Pies from "/home/selz/.config/gnome-pie/pies.conf".
[2020:12:27:15:40:05:657465 MESSAGE] Started happily...
[2020:12:27:16:11:15:941364 MESSAGE] Welcome to Gnome-Pie 0.7.2!
[2020:12:27:16:11:15:942330 MESSAGE] Loading Pies from "/home/selz/.config/gnome-pie/pies.conf".
[2020:12:27:16:11:17:000318 MESSAGE] Started happily...
[2020:12:27:17:56:45:835591 MESSAGE] Welcome to Gnome-Pie 0.7.2!
[2020:12:27:17:56:45:836177 MESSAGE] Loading Pies from "/home/selz/.config/gnome-pie/pies.conf".
[2020:12:27:17:56:46:587066 MESSAGE] Started happily...
[2020:12:27:19:48:57:758836 MESSAGE] Saving Pies to "/home/selz/.config/gnome-pie/pies.conf".
[2021:08:20:15:13:12:941659 MESSAGE] Welcome to Gnome-Pie 0.7.3!
[2021:08:20:15:13:12:942882 MESSAGE] Loading Pies from "/home/selz/.config/gnome-pie/pies.conf".
[2021:08:20:15:13:14:125144 MESSAGE] Started happily...
[2021:08:20:15:13:17:540666 WARNING] Icon "zsh" not found! Using default icon...
[2021:08:20:15:13:17:601734 WARNING] Icon "● flowers.py - neural_nets_beginner - code - oss" not found! Using default icon...
[2021:08:20:15:13:17:606310 MESSAGE] Error loading image file: Failed to open file “hide menu bar · issue #567 · celluloid-player/celluloid - google chrome”: No such file or directory
[2021:08:20:15:13:17:607015 MESSAGE] Error loading image file: Failed to open file “hide menu bar · issue #567 · celluloid-player/celluloid - google chrome”: No such file or directory
[2021:08:20:15:13:47:715196 MESSAGE] Welcome to Gnome-Pie 0.7.3!
[2021:08:20:15:13:47:716100 MESSAGE] Loading Pies from "/home/selz/.config/gnome-pie/pies.conf".
[2021:08:20:15:13:48:862322 MESSAGE] Started happily...
[2021:08:20:15:15:00:663321 MESSAGE] Saving Pies to "/home/selz/.config/gnome-pie/pies.conf".
[2021:08:20:15:18:56:591184 MESSAGE] Welcome to Gnome-Pie 0.7.3!
[2021:08:20:15:18:56:595808 MESSAGE] Loading Pies from "/home/selz/.config/gnome-pie/pies.conf".
[2021:08:20:15:18:58:561657 MESSAGE] Started happily...
[2021:08:20:15:43:06:095311 WARNING] Icon "code - oss" not found! Using default icon...
[2021:08:20:15:43:06:097483 WARNING] Icon "new tab - google chrome" not found! Using default icon...
[2021:08:20:15:43:08:664773 WARNING] Icon "new tab - google chrome" not found! Using default icon...
[2021:08:20:15:43:08:668782 WARNING] Icon "code - oss" not found! Using default icon...
[2021:08:20:15:43:43:619982 MESSAGE] Saving Pies to "/home/selz/.config/gnome-pie/pies.conf".
[2021:08:20:15:47:11:689473 MESSAGE] Saving Pies to "/home/selz/.config/gnome-pie/pies.conf".
[2021:08:20:15:49:31:203500 MESSAGE] Saving Pies to "/home/selz/.config/gnome-pie/pies.conf".
[2021:08:20:15:58:31:445253 MESSAGE] Caught signal (15), bye!
[2021:08:20:15:58:43:274346 MESSAGE] Welcome to Gnome-Pie 0.7.3!
[2021:08:20:15:58:43:275272 MESSAGE] Loading Pies from "/home/selz/.config/gnome-pie/pies.conf".
[2021:08:20:15:58:44:762073 MESSAGE] Started happily...
[2021:08:20:15:59:01:232957 MESSAGE] Saving Pies to "/home/selz/.config/gnome-pie/pies.conf".
[2021:08:20:15:59:50:478434 MESSAGE] Saving Pies to "/home/selz/.config/gnome-pie/pies.conf".
[2021:08:20:16:20:32:733518 MESSAGE] Caught signal (15), bye!
[2021:08:20:16:21:02:241668 MESSAGE] Welcome to Gnome-Pie 0.7.3!
[2021:08:20:16:21:02:244020 MESSAGE] Loading Pies from "/home/selz/.config/gnome-pie/pies.conf".
[2021:08:20:16:21:04:266466 MESSAGE] Started happily...
[2021:08:20:16:30:51:324082 MESSAGE] Caught signal (15), bye!
[2021:08:20:17:25:14:321737 MESSAGE] Welcome to Gnome-Pie 0.7.3!
[2021:08:20:17:25:14:325054 MESSAGE] Loading Pies from "/home/selz/.config/gnome-pie/pies.conf".
[2021:08:20:17:25:16:235282 MESSAGE] Started happily...
