[2021-07-22 12:07:45.003] [sharedprocess] [warning] Resolved variables received without matching request 7
[2021-07-22 12:07:45.534] [sharedprocess] [warning] Resolved variables received without matching request 8
[2021-07-22 12:07:45.577] [sharedprocess] [warning] Resolved variables received without matching request 9
[2021-07-22 12:07:45.759] [sharedprocess] [warning] Resolved variables received without matching request 10
[2021-07-22 12:07:45.790] [sharedprocess] [warning] Resolved variables received without matching request 11
[2021-07-22 12:07:46.060] [sharedprocess] [warning] Resolved variables received without matching request 12
[2021-07-22 12:07:46.156] [sharedprocess] [warning] Resolved variables received without matching request 13
[2021-07-22 12:07:46.158] [sharedprocess] [warning] Resolved variables received without matching request 14
[2021-07-22 12:07:46.159] [sharedprocess] [warning] Resolved variables received without matching request 15
[2021-07-22 12:07:46.159] [sharedprocess] [warning] Resolved variables received without matching request 16
[2021-07-22 12:07:46.160] [sharedprocess] [warning] Resolved variables received without matching request 17
[2021-07-22 12:07:46.160] [sharedprocess] [warning] Resolved variables received without matching request 18
[2021-07-22 12:07:46.846] [sharedprocess] [warning] Resolved variables received without matching request 19
[2021-07-22 12:07:46.863] [sharedprocess] [warning] Resolved variables received without matching request 20
[2021-07-22 12:07:46.876] [sharedprocess] [warning] Resolved variables received without matching request 21
[2021-07-22 12:07:47.000] [sharedprocess] [warning] Resolved variables received without matching request 22
[2021-07-22 12:07:47.006] [sharedprocess] [warning] Resolved variables received without matching request 23
[2021-07-22 12:07:47.057] [sharedprocess] [warning] Resolved variables received without matching request 24
[2021-07-22 12:07:53.612] [sharedprocess] [info] [logs cleanup]: Starting to clean up old logs.
[2021-07-22 12:07:53.613] [sharedprocess] [info] [logs cleanup]: Removing log folders '20210721T202324, 20210721T202504'
[2021-07-22 12:08:00.300] [sharedprocess] [warning] Resolved variables received without matching request 25
[2021-07-22 12:08:00.302] [sharedprocess] [warning] Resolved variables received without matching request 26
[2021-07-22 12:08:00.306] [sharedprocess] [warning] Resolved variables received without matching request 27
[2021-07-22 12:08:00.314] [sharedprocess] [warning] Resolved variables received without matching request 28
[2021-07-22 12:08:00.323] [sharedprocess] [warning] Resolved variables received without matching request 29
[2021-07-22 12:08:00.324] [sharedprocess] [warning] Resolved variables received without matching request 30
[2021-07-22 12:08:02.050] [sharedprocess] [warning] Resolved variables received without matching request 31
[2021-07-22 12:08:02.054] [sharedprocess] [warning] Resolved variables received without matching request 32
[2021-07-22 12:08:02.059] [sharedprocess] [warning] Resolved variables received without matching request 33
[2021-07-22 12:08:02.071] [sharedprocess] [warning] Resolved variables received without matching request 34
[2021-07-22 12:08:02.075] [sharedprocess] [warning] Resolved variables received without matching request 35
[2021-07-22 12:08:02.087] [sharedprocess] [warning] Resolved variables received without matching request 36
[2021-07-22 12:08:13.598] [sharedprocess] [info] [code cache cleanup]: Starting to clean up old code cache folders.
[2021-07-22 12:08:13.600] [sharedprocess] [info] [storage cleanup]: Starting to clean up storage folders.
[2021-07-22 12:08:23.603] [sharedprocess] [info] [language pack cache cleanup]: Starting to clean up unused language packs.
[2021-07-22 12:09:13.865] [sharedprocess] [warning] Resolved variables received without matching request 37
[2021-07-22 12:09:13.866] [sharedprocess] [warning] Resolved variables received without matching request 38
[2021-07-22 12:09:13.868] [sharedprocess] [warning] Resolved variables received without matching request 39
[2021-07-22 12:09:13.889] [sharedprocess] [warning] Resolved variables received without matching request 40
[2021-07-22 12:09:13.891] [sharedprocess] [warning] Resolved variables received without matching request 41
[2021-07-22 12:09:13.892] [sharedprocess] [warning] Resolved variables received without matching request 42
[2021-07-22 12:09:15.855] [sharedprocess] [warning] Resolved variables received without matching request 43
[2021-07-22 12:09:15.860] [sharedprocess] [warning] Resolved variables received without matching request 44
[2021-07-22 12:09:15.866] [sharedprocess] [warning] Resolved variables received without matching request 45
[2021-07-22 12:09:15.882] [sharedprocess] [warning] Resolved variables received without matching request 46
[2021-07-22 12:09:15.887] [sharedprocess] [warning] Resolved variables received without matching request 47
[2021-07-22 12:09:15.902] [sharedprocess] [warning] Resolved variables received without matching request 48
[2021-07-22 12:09:17.855] [sharedprocess] [warning] Resolved variables received without matching request 49
[2021-07-22 12:09:17.861] [sharedprocess] [warning] Resolved variables received without matching request 50
[2021-07-22 12:09:17.867] [sharedprocess] [warning] Resolved variables received without matching request 51
[2021-07-22 12:09:17.883] [sharedprocess] [warning] Resolved variables received without matching request 52
[2021-07-22 12:09:17.887] [sharedprocess] [warning] Resolved variables received without matching request 53
[2021-07-22 12:09:17.903] [sharedprocess] [warning] Resolved variables received without matching request 54
[2021-07-22 12:14:35.879] [sharedprocess] [warning] Resolved variables received without matching request 55
[2021-07-22 12:14:35.885] [sharedprocess] [warning] Resolved variables received without matching request 56
[2021-07-22 12:14:35.885] [sharedprocess] [warning] Resolved variables received without matching request 57
[2021-07-22 12:14:35.886] [sharedprocess] [warning] Resolved variables received without matching request 58
[2021-07-22 12:14:35.894] [sharedprocess] [warning] Resolved variables received without matching request 59
[2021-07-22 12:14:35.902] [sharedprocess] [warning] Resolved variables received without matching request 60
[2021-07-22 12:14:37.711] [sharedprocess] [warning] Resolved variables received without matching request 61
[2021-07-22 12:14:37.722] [sharedprocess] [warning] Resolved variables received without matching request 62
[2021-07-22 12:14:37.724] [sharedprocess] [warning] Resolved variables received without matching request 63
[2021-07-22 12:14:37.741] [sharedprocess] [warning] Resolved variables received without matching request 64
[2021-07-22 12:14:37.746] [sharedprocess] [warning] Resolved variables received without matching request 65
[2021-07-22 12:14:37.762] [sharedprocess] [warning] Resolved variables received without matching request 66
