User belongs to experiment group 'CollectLSRequestTiming - control'
User belongs to experiment group 'CollectNodeLSRequestTiming - experiment'
User belongs to experiment group 'pythonaacf'
User belongs to experiment group 'pythonDiscoveryModuleWithoutWatcher'
User belongs to experiment group 'pythonTensorboardExperiment'
> conda --version
> pyenv root
> python3.7 ~/.vscode-oss/extensions/ms-python.python-2020.10.332292344/pythonFiles/pyvsc-run-isolated.py -c "import sys;print(sys.executable)"
> python3.6 ~/.vscode-oss/extensions/ms-python.python-2020.10.332292344/pythonFiles/pyvsc-run-isolated.py -c "import sys;print(sys.executable)"
> python3 ~/.vscode-oss/extensions/ms-python.python-2020.10.332292344/pythonFiles/pyvsc-run-isolated.py -c "import sys;print(sys.executable)"
> python2 ~/.vscode-oss/extensions/ms-python.python-2020.10.332292344/pythonFiles/pyvsc-run-isolated.py -c "import sys;print(sys.executable)"
> python ~/.vscode-oss/extensions/ms-python.python-2020.10.332292344/pythonFiles/pyvsc-run-isolated.py -c "import sys;print(sys.executable)"
> python ~/.vscode-oss/extensions/ms-python.python-2020.10.332292344/pythonFiles/pyvsc-run-isolated.py -c "import sys;print(sys.executable)"
> conda info --json
> pyenv root
Error 2021-08-20 04:15:13: Failed to check if file needs to be fixed [EntryNotFound (FileSystemError): Unable to read file '/home/selz/.config/Code/User/settings.json' (Error: Unable to resolve non-existing file '/home/selz/.config/Code/User/settings.json')
	at _handleError (/usr/lib/code/out/vs/workbench/services/extensions/node/extensionHostProcess.js:84:167834)
	at processTicksAndRejections (internal/process/task_queues.js:93:5)
	at async y.readText (/home/selz/.vscode-oss/extensions/ms-python.python-2020.10.332292344/out/client/extension.js:9:168994)
	at async p.doesFileNeedToBeFixed (/home/selz/.vscode-oss/extensions/ms-python.python-2020.10.332292344/out/client/extension.js:56:963651)
	at async /home/selz/.vscode-oss/extensions/ms-python.python-2020.10.332292344/out/client/extension.js:56:962778
	at async Promise.all (index 0)
	at async p.getFilesToBeFixed (/home/selz/.vscode-oss/extensions/ms-python.python-2020.10.332292344/out/client/extension.js:56:962724)
	at async p.updateTestSettings (/home/selz/.vscode-oss/extensions/ms-python.python-2020.10.332292344/out/client/extension.js:56:962351)] {
  code: 'FileNotFound'
}
Error 2021-08-20 04:15:13: Failed to check if file needs to be fixed [EntryNotFound (FileSystemError): Unable to read file '/home/selz/source/python/neural_nets_beginner/.vscode/settings.json' (Error: Unable to resolve non-existing file '/home/selz/source/python/neural_nets_beginner/.vscode/settings.json')
	at _handleError (/usr/lib/code/out/vs/workbench/services/extensions/node/extensionHostProcess.js:84:167834)
	at processTicksAndRejections (internal/process/task_queues.js:93:5)
	at async y.readText (/home/selz/.vscode-oss/extensions/ms-python.python-2020.10.332292344/out/client/extension.js:9:168994)
	at async p.doesFileNeedToBeFixed (/home/selz/.vscode-oss/extensions/ms-python.python-2020.10.332292344/out/client/extension.js:56:963651)
	at async /home/selz/.vscode-oss/extensions/ms-python.python-2020.10.332292344/out/client/extension.js:56:962778
	at async Promise.all (index 1)
	at async p.getFilesToBeFixed (/home/selz/.vscode-oss/extensions/ms-python.python-2020.10.332292344/out/client/extension.js:56:962724)
	at async p.updateTestSettings (/home/selz/.vscode-oss/extensions/ms-python.python-2020.10.332292344/out/client/extension.js:56:962351)] {
  code: 'FileNotFound'
}
Starting Jedi Python language engine.
Python interpreter path: /usr/bin/python
Error 2021-08-20 04:15:13: Python Extension: interpreterManager.refresh [TypeError: Cannot read property 'activeNotebookEditor' of undefined
	at u.get activeNotebookEditor [as activeNotebookEditor] (/home/selz/.vscode-oss/extensions/ms-python.python-2020.10.332292344/out/client/extension.js:56:1203223)
	at u.get hidden [as hidden] (/home/selz/.vscode-oss/extensions/ms-python.python-2020.10.332292344/out/client/extension.js:56:647038)
	at /home/selz/.vscode-oss/extensions/ms-python.python-2020.10.332292344/out/client/extension.js:56:846357
	at Array.every (<anonymous>)
	at g.updateVisibility (/home/selz/.vscode-oss/extensions/ms-python.python-2020.10.332292344/out/client/extension.js:56:846345)
	at g.updateDisplay (/home/selz/.vscode-oss/extensions/ms-python.python-2020.10.332292344/out/client/extension.js:56:846218)
	at async g.refresh (/home/selz/.vscode-oss/extensions/ms-python.python-2020.10.332292344/out/client/extension.js:56:845171)]
> /usr/bin/python ~/.vscode-oss/extensions/ms-python.python-2020.10.332292344/pythonFiles/pyvsc-run-isolated.py -c "import jupyter"
> /usr/bin/python ~/.vscode-oss/extensions/ms-python.python-2020.10.332292344/pythonFiles/pyvsc-run-isolated.py -c "import jupyter"
> /usr/bin/python ~/.vscode-oss/extensions/ms-python.python-2020.10.332292344/pythonFiles/pyvsc-run-isolated.py -c "import notebook"
> /usr/bin/python ~/.vscode-oss/extensions/ms-python.python-2020.10.332292344/pythonFiles/pyvsc-run-isolated.py -c "import notebook"
> conda --version
> /usr/bin/python ~/.vscode-oss/extensions/ms-python.python-2020.10.332292344/pythonFiles/pyvsc-run-isolated.py jupyter kernelspec --version
> /usr/bin/python ~/.vscode-oss/extensions/ms-python.python-2020.10.332292344/pythonFiles/pyvsc-run-isolated.py jupyter kernelspec --version
> /usr/bin/python ~/.vscode-oss/extensions/ms-python.python-2020.10.332292344/pythonFiles/pyvsc-run-isolated.py -c "import sys;print(sys.prefix)"
cwd: ~/source/python/neural_nets_beginner
> /usr/bin/python ~/.vscode-oss/extensions/ms-python.python-2020.10.332292344/pythonFiles/pyvsc-run-isolated.py -c "import sys;print(sys.prefix)"
cwd: ~/source/python/neural_nets_beginner
> /usr/bin/python ~/.vscode-oss/extensions/ms-python.python-2020.10.332292344/pythonFiles/pyvsc-run-isolated.py -c "import sys;print(sys.executable)"
cwd: ~/source/python/neural_nets_beginner
> /usr/bin/python ~/.vscode-oss/extensions/ms-python.python-2020.10.332292344/pythonFiles/pyvsc-run-isolated.py -c "import sys;print(sys.executable)"
cwd: ~/source/python/neural_nets_beginner
> /usr/bin/python ~/.vscode-oss/extensions/ms-python.python-2020.10.332292344/pythonFiles/pyvsc-run-isolated.py -c "from distutils.sysconfig import get_python_lib; print(get_python_lib())"
cwd: ~/source/python/neural_nets_beginner
> /usr/bin/python ~/.vscode-oss/extensions/ms-python.python-2020.10.332292344/pythonFiles/pyvsc-run-isolated.py -c "from distutils.sysconfig import get_python_lib; print(get_python_lib())"
cwd: ~/source/python/neural_nets_beginner
> /usr/bin/python ~/.vscode-oss/extensions/ms-python.python-2020.10.332292344/pythonFiles/pyvsc-run-isolated.py site --user-site
cwd: ~/source/python/neural_nets_beginner
> /usr/bin/python ~/.vscode-oss/extensions/ms-python.python-2020.10.332292344/pythonFiles/pyvsc-run-isolated.py site --user-site
cwd: ~/source/python/neural_nets_beginner
> /usr/bin/python ~/.vscode-oss/extensions/ms-python.python-2020.10.332292344/pythonFiles/pyvsc-run-isolated.py ~/.vscode-oss/extensions/ms-python.python-2020.10.332292344/pythonFiles/completion.py
> /usr/bin/python ~/.vscode-oss/extensions/ms-python.python-2020.10.332292344/pythonFiles/pyvsc-run-isolated.py ~/.vscode-oss/extensions/ms-python.python-2020.10.332292344/pythonFiles/completion.py
> /usr/bin/python ~/.vscode-oss/extensions/ms-python.python-2020.10.332292344/pythonFiles/pyvsc-run-isolated.py pylint --disable=all --enable=F,unreachable,duplicate-key,unnecessary-semicolon,global-variable-not-assigned,unused-variable,unused-wildcard-import,binary-op-exception,bad-format-string,anomalous-backslash-in-string,bad-open-mode,E0001,E0011,E0012,E0100,E0101,E0102,E0103,E0104,E0105,E0107,E0108,E0110,E0111,E0112,E0113,E0114,E0115,E0116,E0117,E0118,E0202,E0203,E0211,E0213,E0236,E0237,E0238,E0239,E0240,E0241,E0301,E0302,E0303,E0401,E0402,E0601,E0602,E0603,E0604,E0611,E0632,E0633,E0701,E0702,E0703,E0704,E0710,E0711,E0712,E1003,E1101,E1102,E1111,E1120,E1121,E1123,E1124,E1125,E1126,E1127,E1128,E1129,E1130,E1131,E1132,E1133,E1134,E1135,E1136,E1137,E1138,E1139,E1200,E1201,E1205,E1206,E1300,E1301,E1302,E1303,E1304,E1305,E1306,E1310,E1700,E1701 --msg-template='{line},{column},{category},{symbol}:{msg}' --reports=n --output-format=text ~/source/python/neural_nets_beginner/flowers.py
cwd: ~/source/python/neural_nets_beginner
> /usr/bin/python ~/.vscode-oss/extensions/ms-python.python-2020.10.332292344/pythonFiles/pyvsc-run-isolated.py pylint --disable=all --enable=F,unreachable,duplicate-key,unnecessary-semicolon,global-variable-not-assigned,unused-variable,unused-wildcard-import,binary-op-exception,bad-format-string,anomalous-backslash-in-string,bad-open-mode,E0001,E0011,E0012,E0100,E0101,E0102,E0103,E0104,E0105,E0107,E0108,E0110,E0111,E0112,E0113,E0114,E0115,E0116,E0117,E0118,E0202,E0203,E0211,E0213,E0236,E0237,E0238,E0239,E0240,E0241,E0301,E0302,E0303,E0401,E0402,E0601,E0602,E0603,E0604,E0611,E0632,E0633,E0701,E0702,E0703,E0704,E0710,E0711,E0712,E1003,E1101,E1102,E1111,E1120,E1121,E1123,E1124,E1125,E1126,E1127,E1128,E1129,E1130,E1131,E1132,E1133,E1134,E1135,E1136,E1137,E1138,E1139,E1200,E1201,E1205,E1206,E1300,E1301,E1302,E1303,E1304,E1305,E1306,E1310,E1700,E1701 --msg-template='{line},{column},{category},{symbol}:{msg}' --reports=n --output-format=text ~/source/python/neural_nets_beginner/flowers.py
cwd: ~/source/python/neural_nets_beginner
Error 2021-08-20 04:15:14: stderr jediProxy Error (stderr) /home/selz/.vscode-oss/extensions/ms-python.python-2020.10.332292344/pythonFiles/completion.py:584: DeprecationWarning: Deprecated since version 0.16.0. Use Script(...).get_names instead.
  jedi.api.names(

Error 2021-08-20 04:15:15: stderr jediProxy Error (stderr) /home/selz/.vscode-oss/extensions/ms-python.python-2020.10.332292344/pythonFiles/completion.py:592: DeprecationWarning: Providing the line is now done in the functions themselves like `Script(...).complete(line, column)`
  script = jedi.Script(
/home/selz/.vscode-oss/extensions/ms-python.python-2020.10.332292344/pythonFiles/completion.py:592: DeprecationWarning: Providing the column is now done in the functions themselves like `Script(...).complete(line, column)`
  script = jedi.Script(
/home/selz/.vscode-oss/extensions/ms-python.python-2020.10.332292344/pythonFiles/completion.py:592: DeprecationWarning: Deprecated since version 0.17.0. Use the project API instead, which means Script(project=Project(dir, sys_path=sys_path)) instead.
  script = jedi.Script(
/home/selz/.vscode-oss/extensions/ms-python.python-2020.10.332292344/pythonFiles/completion.py:626: DeprecationWarning: Deprecated since version 0.16.0. Use Script(...).infer instead.
  script.goto_definitions(), request["id"]

##########Linting Output - pylint##########
************* Module flowers
10,4,error,no-method-argument:Method has no argument
11,15,error,undefined-variable:Undefined variable 'self'
11,38,error,undefined-variable:Undefined variable 'self'
11,63,error,undefined-variable:Undefined variable 'self'

--------------------------------------------------------------------
Your code has been rated at -6.67/10 (previous run: -6.67/10, +0.00)

Error 2021-08-20 04:15:38: stderr jediProxy Error (stderr) /home/selz/.vscode-oss/extensions/ms-python.python-2020.10.332292344/pythonFiles/completion.py:592: DeprecationWarning: Providing the line is now done in the functions themselves like `Script(...).complete(line, column)`
  script = jedi.Script(
/home/selz/.vscode-oss/extensions/ms-python.python-2020.10.332292344/pythonFiles/completion.py:592: DeprecationWarning: Providing the column is now done in the functions themselves like `Script(...).complete(line, column)`
  script = jedi.Script(
/home/selz/.vscode-oss/extensions/ms-python.python-2020.10.332292344/pythonFiles/completion.py:592: DeprecationWarning: Deprecated since version 0.17.0. Use the project API instead, which means Script(project=Project(dir, sys_path=sys_path)) instead.
  script = jedi.Script(

Error 2021-08-20 04:15:38: stderr jediProxy Error (stderr) /home/selz/.vscode-oss/extensions/ms-python.python-2020.10.332292344/pythonFiles/completion.py:626: DeprecationWarning: Deprecated since version 0.16.0. Use Script(...).infer instead.
  script.goto_definitions(), request["id"]

Error 2021-08-20 04:15:43: stderr jediProxy Error (stderr) /home/selz/.vscode-oss/extensions/ms-python.python-2020.10.332292344/pythonFiles/completion.py:592: DeprecationWarning: Use the code keyword argument instead.
  script = jedi.Script(

Error 2021-08-20 04:15:43: stderr jediProxy Error (stderr) /home/selz/.vscode-oss/extensions/ms-python.python-2020.10.332292344/pythonFiles/completion.py:584: DeprecationWarning: Deprecated since version 0.16.0. Use Script(...).get_names instead.
  jedi.api.names(

Error 2021-08-20 04:15:43: stderr jediProxy Error (stderr) /home/selz/.vscode-oss/extensions/ms-python.python-2020.10.332292344/pythonFiles/completion.py:592: DeprecationWarning: Providing the line is now done in the functions themselves like `Script(...).complete(line, column)`
  script = jedi.Script(
/home/selz/.vscode-oss/extensions/ms-python.python-2020.10.332292344/pythonFiles/completion.py:592: DeprecationWarning: Providing the column is now done in the functions themselves like `Script(...).complete(line, column)`
  script = jedi.Script(
/home/selz/.vscode-oss/extensions/ms-python.python-2020.10.332292344/pythonFiles/completion.py:592: DeprecationWarning: Use the code keyword argument instead.
  script = jedi.Script(
/home/selz/.vscode-oss/extensions/ms-python.python-2020.10.332292344/pythonFiles/completion.py:592: DeprecationWarning: Deprecated since version 0.17.0. Use the project API instead, which means Script(project=Project(dir, sys_path=sys_path)) instead.
  script = jedi.Script(
/home/selz/.vscode-oss/extensions/ms-python.python-2020.10.332292344/pythonFiles/completion.py:626: DeprecationWarning: Deprecated since version 0.16.0. Use Script(...).infer instead.
  script.goto_definitions(), request["id"]

Error 2021-08-20 04:15:46: stderr jediProxy Error (stderr) /home/selz/.vscode-oss/extensions/ms-python.python-2020.10.332292344/pythonFiles/completion.py:105: DeprecationWarning: Deprecated since version 0.16.0. Use Script(...).get_signatures instead.
  call_signatures = script.call_signatures()

Error 2021-08-20 04:15:46: stderr jediProxy Error (stderr) /home/selz/.vscode-oss/extensions/ms-python.python-2020.10.332292344/pythonFiles/completion.py:230: DeprecationWarning: Deprecated since version 0.16.0. Use Script(...).complete instead.
  completions = script.completions()

Error 2021-08-20 04:15:50: stderr jediProxy Error (stderr) /home/selz/.vscode-oss/extensions/ms-python.python-2020.10.332292344/pythonFiles/completion.py:584: DeprecationWarning: Deprecated since version 0.16.0. Use Script(...).get_names instead.
  jedi.api.names(

> /usr/bin/python ~/.vscode-oss/extensions/ms-python.python-2020.10.332292344/pythonFiles/pyvsc-run-isolated.py pylint --disable=all --enable=F,unreachable,duplicate-key,unnecessary-semicolon,global-variable-not-assigned,unused-variable,unused-wildcard-import,binary-op-exception,bad-format-string,anomalous-backslash-in-string,bad-open-mode,E0001,E0011,E0012,E0100,E0101,E0102,E0103,E0104,E0105,E0107,E0108,E0110,E0111,E0112,E0113,E0114,E0115,E0116,E0117,E0118,E0202,E0203,E0211,E0213,E0236,E0237,E0238,E0239,E0240,E0241,E0301,E0302,E0303,E0401,E0402,E0601,E0602,E0603,E0604,E0611,E0632,E0633,E0701,E0702,E0703,E0704,E0710,E0711,E0712,E1003,E1101,E1102,E1111,E1120,E1121,E1123,E1124,E1125,E1126,E1127,E1128,E1129,E1130,E1131,E1132,E1133,E1134,E1135,E1136,E1137,E1138,E1139,E1200,E1201,E1205,E1206,E1300,E1301,E1302,E1303,E1304,E1305,E1306,E1310,E1700,E1701 --msg-template='{line},{column},{category},{symbol}:{msg}' --reports=n --output-format=text ~/source/python/neural_nets_beginner/flowers.py
cwd: ~/source/python/neural_nets_beginner
> /usr/bin/python ~/.vscode-oss/extensions/ms-python.python-2020.10.332292344/pythonFiles/pyvsc-run-isolated.py pylint --disable=all --enable=F,unreachable,duplicate-key,unnecessary-semicolon,global-variable-not-assigned,unused-variable,unused-wildcard-import,binary-op-exception,bad-format-string,anomalous-backslash-in-string,bad-open-mode,E0001,E0011,E0012,E0100,E0101,E0102,E0103,E0104,E0105,E0107,E0108,E0110,E0111,E0112,E0113,E0114,E0115,E0116,E0117,E0118,E0202,E0203,E0211,E0213,E0236,E0237,E0238,E0239,E0240,E0241,E0301,E0302,E0303,E0401,E0402,E0601,E0602,E0603,E0604,E0611,E0632,E0633,E0701,E0702,E0703,E0704,E0710,E0711,E0712,E1003,E1101,E1102,E1111,E1120,E1121,E1123,E1124,E1125,E1126,E1127,E1128,E1129,E1130,E1131,E1132,E1133,E1134,E1135,E1136,E1137,E1138,E1139,E1200,E1201,E1205,E1206,E1300,E1301,E1302,E1303,E1304,E1305,E1306,E1310,E1700,E1701 --msg-template='{line},{column},{category},{symbol}:{msg}' --reports=n --output-format=text ~/source/python/neural_nets_beginner/flowers.py
cwd: ~/source/python/neural_nets_beginner
##########Linting Output - pylint##########

---------------------------------------------------------------------
Your code has been rated at 10.00/10 (previous run: -6.67/10, +16.67)

Error 2021-08-20 04:15:52: stderr jediProxy Error (stderr) /home/selz/.vscode-oss/extensions/ms-python.python-2020.10.332292344/pythonFiles/completion.py:592: DeprecationWarning: Providing the line is now done in the functions themselves like `Script(...).complete(line, column)`
  script = jedi.Script(
/home/selz/.vscode-oss/extensions/ms-python.python-2020.10.332292344/pythonFiles/completion.py:592: DeprecationWarning: Providing the column is now done in the functions themselves like `Script(...).complete(line, column)`
  script = jedi.Script(
/home/selz/.vscode-oss/extensions/ms-python.python-2020.10.332292344/pythonFiles/completion.py:592: DeprecationWarning: Use the code keyword argument instead.
  script = jedi.Script(
/home/selz/.vscode-oss/extensions/ms-python.python-2020.10.332292344/pythonFiles/completion.py:592: DeprecationWarning: Deprecated since version 0.17.0. Use the project API instead, which means Script(project=Project(dir, sys_path=sys_path)) instead.
  script = jedi.Script(

Error 2021-08-20 04:15:52: stderr jediProxy Error (stderr) /home/selz/.vscode-oss/extensions/ms-python.python-2020.10.332292344/pythonFiles/completion.py:105: DeprecationWarning: Deprecated since version 0.16.0. Use Script(...).get_signatures instead.
  call_signatures = script.call_signatures()

Error 2021-08-20 04:15:52: stderr jediProxy Error (stderr) /home/selz/.vscode-oss/extensions/ms-python.python-2020.10.332292344/pythonFiles/completion.py:230: DeprecationWarning: Deprecated since version 0.16.0. Use Script(...).complete instead.
  completions = script.completions()

Error 2021-08-20 04:15:52: stderr jediProxy Error (stderr) /home/selz/.vscode-oss/extensions/ms-python.python-2020.10.332292344/pythonFiles/completion.py:626: DeprecationWarning: Deprecated since version 0.16.0. Use Script(...).infer instead.
  script.goto_definitions(), request["id"]

Error 2021-08-20 04:15:57: stderr jediProxy Error (stderr) /home/selz/.vscode-oss/extensions/ms-python.python-2020.10.332292344/pythonFiles/completion.py:584: DeprecationWarning: Deprecated since version 0.16.0. Use Script(...).get_names instead.
  jedi.api.names(

Error 2021-08-20 04:15:58: stderr jediProxy Error (stderr) /home/selz/.vscode-oss/extensions/ms-python.python-2020.10.332292344/pythonFiles/completion.py:592: DeprecationWarning: Providing the line is now done in the functions themselves like `Script(...).complete(line, column)`
  script = jedi.Script(
/home/selz/.vscode-oss/extensions/ms-python.python-2020.10.332292344/pythonFiles/completion.py:592: DeprecationWarning: Providing the column is now done in the functions themselves like `Script(...).complete(line, column)`
  script = jedi.Script(
/home/selz/.vscode-oss/extensions/ms-python.python-2020.10.332292344/pythonFiles/completion.py:592: DeprecationWarning: Use the code keyword argument instead.
  script = jedi.Script(
/home/selz/.vscode-oss/extensions/ms-python.python-2020.10.332292344/pythonFiles/completion.py:592: DeprecationWarning: Deprecated since version 0.17.0. Use the project API instead, which means Script(project=Project(dir, sys_path=sys_path)) instead.
  script = jedi.Script(

Error 2021-08-20 04:15:58: stderr jediProxy Error (stderr) /home/selz/.vscode-oss/extensions/ms-python.python-2020.10.332292344/pythonFiles/completion.py:603: DeprecationWarning: Deprecated since version 0.16.0. Use Script(...).goto instead.
  script.goto_assignments(follow_imports=True), request["id"]

Error 2021-08-20 04:15:58: stderr jediProxy Error (stderr) /home/selz/.vscode-oss/extensions/ms-python.python-2020.10.332292344/pythonFiles/completion.py:626: DeprecationWarning: Deprecated since version 0.16.0. Use Script(...).infer instead.
  script.goto_definitions(), request["id"]

Error 2021-08-20 04:15:59: stderr jediProxy Error (stderr) /home/selz/.vscode-oss/extensions/ms-python.python-2020.10.332292344/pythonFiles/completion.py:584: DeprecationWarning: Deprecated since version 0.16.0. Use Script(...).get_names instead.
  jedi.api.names(

Error 2021-08-20 04:15:59: stderr jediProxy Error (stderr) /home/selz/.vscode-oss/extensions/ms-python.python-2020.10.332292344/pythonFiles/completion.py:592: DeprecationWarning: Providing the line is now done in the functions themselves like `Script(...).complete(line, column)`
  script = jedi.Script(
/home/selz/.vscode-oss/extensions/ms-python.python-2020.10.332292344/pythonFiles/completion.py:592: DeprecationWarning: Providing the column is now done in the functions themselves like `Script(...).complete(line, column)`
  script = jedi.Script(
/home/selz/.vscode-oss/extensions/ms-python.python-2020.10.332292344/pythonFiles/completion.py:592: DeprecationWarning: Use the code keyword argument instead.
  script = jedi.Script(
/home/selz/.vscode-oss/extensions/ms-python.python-2020.10.332292344/pythonFiles/completion.py:592: DeprecationWarning: Deprecated since version 0.17.0. Use the project API instead, which means Script(project=Project(dir, sys_path=sys_path)) instead.
  script = jedi.Script(
/home/selz/.vscode-oss/extensions/ms-python.python-2020.10.332292344/pythonFiles/completion.py:626: DeprecationWarning: Deprecated since version 0.16.0. Use Script(...).infer instead.
  script.goto_definitions(), request["id"]

Error 2021-08-20 04:15:59: stderr jediProxy Error (stderr) /home/selz/.vscode-oss/extensions/ms-python.python-2020.10.332292344/pythonFiles/completion.py:603: DeprecationWarning: Deprecated since version 0.16.0. Use Script(...).goto instead.
  script.goto_assignments(follow_imports=True), request["id"]

Error 2021-08-20 04:16:07: stderr jediProxy Error (stderr) /home/selz/.vscode-oss/extensions/ms-python.python-2020.10.332292344/pythonFiles/completion.py:144: DeprecationWarning: Deprecated since version 0.16.0. Use Script(...).get_signatures instead.
  call_signatures = script.call_signatures()

Error 2021-08-20 04:16:07: stderr jediProxy Error (stderr) /home/selz/.vscode-oss/extensions/ms-python.python-2020.10.332292344/pythonFiles/completion.py:105: DeprecationWarning: Deprecated since version 0.16.0. Use Script(...).get_signatures instead.
  call_signatures = script.call_signatures()

Error 2021-08-20 04:16:07: stderr jediProxy Error (stderr) /home/selz/.vscode-oss/extensions/ms-python.python-2020.10.332292344/pythonFiles/completion.py:230: DeprecationWarning: Deprecated since version 0.16.0. Use Script(...).complete instead.
  completions = script.completions()

Error 2021-08-20 04:16:09: stderr jediProxy Error (stderr) /home/selz/.vscode-oss/extensions/ms-python.python-2020.10.332292344/pythonFiles/completion.py:584: DeprecationWarning: Deprecated since version 0.16.0. Use Script(...).get_names instead.
  jedi.api.names(

Error 2021-08-20 04:16:12: stderr jediProxy Error (stderr) /home/selz/.vscode-oss/extensions/ms-python.python-2020.10.332292344/pythonFiles/completion.py:592: DeprecationWarning: Providing the line is now done in the functions themselves like `Script(...).complete(line, column)`
  script = jedi.Script(
/home/selz/.vscode-oss/extensions/ms-python.python-2020.10.332292344/pythonFiles/completion.py:592: DeprecationWarning: Providing the column is now done in the functions themselves like `Script(...).complete(line, column)`
  script = jedi.Script(
/home/selz/.vscode-oss/extensions/ms-python.python-2020.10.332292344/pythonFiles/completion.py:592: DeprecationWarning: Use the code keyword argument instead.
  script = jedi.Script(
/home/selz/.vscode-oss/extensions/ms-python.python-2020.10.332292344/pythonFiles/completion.py:592: DeprecationWarning: Deprecated since version 0.17.0. Use the project API instead, which means Script(project=Project(dir, sys_path=sys_path)) instead.
  script = jedi.Script(

Error 2021-08-20 04:16:12: stderr jediProxy Error (stderr) /home/selz/.vscode-oss/extensions/ms-python.python-2020.10.332292344/pythonFiles/completion.py:144: DeprecationWarning: Deprecated since version 0.16.0. Use Script(...).get_signatures instead.
  call_signatures = script.call_signatures()

Error 2021-08-20 04:16:12: stderr jediProxy Error (stderr) /home/selz/.vscode-oss/extensions/ms-python.python-2020.10.332292344/pythonFiles/completion.py:105: DeprecationWarning: Deprecated since version 0.16.0. Use Script(...).get_signatures instead.
  call_signatures = script.call_signatures()

Error 2021-08-20 04:16:12: stderr jediProxy Error (stderr) /home/selz/.vscode-oss/extensions/ms-python.python-2020.10.332292344/pythonFiles/completion.py:230: DeprecationWarning: Deprecated since version 0.16.0. Use Script(...).complete instead.
  completions = script.completions()

Error 2021-08-20 04:16:13: stderr jediProxy Error (stderr) /home/selz/.vscode-oss/extensions/ms-python.python-2020.10.332292344/pythonFiles/completion.py:584: DeprecationWarning: Deprecated since version 0.16.0. Use Script(...).get_names instead.
  jedi.api.names(

Error 2021-08-20 04:16:14: stderr jediProxy Error (stderr) /home/selz/.vscode-oss/extensions/ms-python.python-2020.10.332292344/pythonFiles/completion.py:592: DeprecationWarning: Providing the line is now done in the functions themselves like `Script(...).complete(line, column)`
  script = jedi.Script(
/home/selz/.vscode-oss/extensions/ms-python.python-2020.10.332292344/pythonFiles/completion.py:592: DeprecationWarning: Providing the column is now done in the functions themselves like `Script(...).complete(line, column)`
  script = jedi.Script(
/home/selz/.vscode-oss/extensions/ms-python.python-2020.10.332292344/pythonFiles/completion.py:592: DeprecationWarning: Use the code keyword argument instead.
  script = jedi.Script(
/home/selz/.vscode-oss/extensions/ms-python.python-2020.10.332292344/pythonFiles/completion.py:592: DeprecationWarning: Deprecated since version 0.17.0. Use the project API instead, which means Script(project=Project(dir, sys_path=sys_path)) instead.
  script = jedi.Script(

Error 2021-08-20 04:16:14: stderr jediProxy Error (stderr) /home/selz/.vscode-oss/extensions/ms-python.python-2020.10.332292344/pythonFiles/completion.py:105: DeprecationWarning: Deprecated since version 0.16.0. Use Script(...).get_signatures instead.
  call_signatures = script.call_signatures()

Error 2021-08-20 04:16:14: stderr jediProxy Error (stderr) /home/selz/.vscode-oss/extensions/ms-python.python-2020.10.332292344/pythonFiles/completion.py:230: DeprecationWarning: Deprecated since version 0.16.0. Use Script(...).complete instead.
  completions = script.completions()

Error 2021-08-20 04:16:14: stderr jediProxy Error (stderr) /home/selz/.vscode-oss/extensions/ms-python.python-2020.10.332292344/pythonFiles/completion.py:626: DeprecationWarning: Deprecated since version 0.16.0. Use Script(...).infer instead.
  script.goto_definitions(), request["id"]

Error 2021-08-20 04:16:16: stderr jediProxy Error (stderr) /home/selz/.vscode-oss/extensions/ms-python.python-2020.10.332292344/pythonFiles/completion.py:584: DeprecationWarning: Deprecated since version 0.16.0. Use Script(...).get_names instead.
  jedi.api.names(

Error 2021-08-20 04:16:17: stderr jediProxy Error (stderr) /home/selz/.vscode-oss/extensions/ms-python.python-2020.10.332292344/pythonFiles/completion.py:592: DeprecationWarning: Providing the line is now done in the functions themselves like `Script(...).complete(line, column)`
  script = jedi.Script(
/home/selz/.vscode-oss/extensions/ms-python.python-2020.10.332292344/pythonFiles/completion.py:592: DeprecationWarning: Providing the column is now done in the functions themselves like `Script(...).complete(line, column)`
  script = jedi.Script(
/home/selz/.vscode-oss/extensions/ms-python.python-2020.10.332292344/pythonFiles/completion.py:592: DeprecationWarning: Use the code keyword argument instead.
  script = jedi.Script(
/home/selz/.vscode-oss/extensions/ms-python.python-2020.10.332292344/pythonFiles/completion.py:592: DeprecationWarning: Deprecated since version 0.17.0. Use the project API instead, which means Script(project=Project(dir, sys_path=sys_path)) instead.
  script = jedi.Script(

Error 2021-08-20 04:16:17: stderr jediProxy Error (stderr) /home/selz/.vscode-oss/extensions/ms-python.python-2020.10.332292344/pythonFiles/completion.py:144: DeprecationWarning: Deprecated since version 0.16.0. Use Script(...).get_signatures instead.
  call_signatures = script.call_signatures()

Error 2021-08-20 04:16:18: stderr jediProxy Error (stderr) /home/selz/.vscode-oss/extensions/ms-python.python-2020.10.332292344/pythonFiles/completion.py:584: DeprecationWarning: Deprecated since version 0.16.0. Use Script(...).get_names instead.
  jedi.api.names(

Error 2021-08-20 04:16:18: stderr jediProxy Error (stderr) /home/selz/.vscode-oss/extensions/ms-python.python-2020.10.332292344/pythonFiles/completion.py:592: DeprecationWarning: Providing the line is now done in the functions themselves like `Script(...).complete(line, column)`
  script = jedi.Script(
/home/selz/.vscode-oss/extensions/ms-python.python-2020.10.332292344/pythonFiles/completion.py:592: DeprecationWarning: Providing the column is now done in the functions themselves like `Script(...).complete(line, column)`
  script = jedi.Script(
/home/selz/.vscode-oss/extensions/ms-python.python-2020.10.332292344/pythonFiles/completion.py:592: DeprecationWarning: Use the code keyword argument instead.
  script = jedi.Script(
/home/selz/.vscode-oss/extensions/ms-python.python-2020.10.332292344/pythonFiles/completion.py:592: DeprecationWarning: Deprecated since version 0.17.0. Use the project API instead, which means Script(project=Project(dir, sys_path=sys_path)) instead.
  script = jedi.Script(

Error 2021-08-20 04:16:18: stderr jediProxy Error (stderr) /home/selz/.vscode-oss/extensions/ms-python.python-2020.10.332292344/pythonFiles/completion.py:105: DeprecationWarning: Deprecated since version 0.16.0. Use Script(...).get_signatures instead.
  call_signatures = script.call_signatures()

Error 2021-08-20 04:16:18: stderr jediProxy Error (stderr) /home/selz/.vscode-oss/extensions/ms-python.python-2020.10.332292344/pythonFiles/completion.py:230: DeprecationWarning: Deprecated since version 0.16.0. Use Script(...).complete instead.
  completions = script.completions()

Error 2021-08-20 04:16:20: stderr jediProxy Error (stderr) /home/selz/.vscode-oss/extensions/ms-python.python-2020.10.332292344/pythonFiles/completion.py:584: DeprecationWarning: Deprecated since version 0.16.0. Use Script(...).get_names instead.
  jedi.api.names(

Error 2021-08-20 04:16:21: stderr jediProxy Error (stderr) /home/selz/.vscode-oss/extensions/ms-python.python-2020.10.332292344/pythonFiles/completion.py:592: DeprecationWarning: Providing the line is now done in the functions themselves like `Script(...).complete(line, column)`
  script = jedi.Script(
/home/selz/.vscode-oss/extensions/ms-python.python-2020.10.332292344/pythonFiles/completion.py:592: DeprecationWarning: Providing the column is now done in the functions themselves like `Script(...).complete(line, column)`
  script = jedi.Script(
/home/selz/.vscode-oss/extensions/ms-python.python-2020.10.332292344/pythonFiles/completion.py:592: DeprecationWarning: Use the code keyword argument instead.
  script = jedi.Script(
/home/selz/.vscode-oss/extensions/ms-python.python-2020.10.332292344/pythonFiles/completion.py:592: DeprecationWarning: Deprecated since version 0.17.0. Use the project API instead, which means Script(project=Project(dir, sys_path=sys_path)) instead.
  script = jedi.Script(

Error 2021-08-20 04:16:21: stderr jediProxy Error (stderr) /home/selz/.vscode-oss/extensions/ms-python.python-2020.10.332292344/pythonFiles/completion.py:105: DeprecationWarning: Deprecated since version 0.16.0. Use Script(...).get_signatures instead.
  call_signatures = script.call_signatures()

Error 2021-08-20 04:16:21: stderr jediProxy Error (stderr) /home/selz/.vscode-oss/extensions/ms-python.python-2020.10.332292344/pythonFiles/completion.py:230: DeprecationWarning: Deprecated since version 0.16.0. Use Script(...).complete instead.
  completions = script.completions()

Error 2021-08-20 04:16:21: stderr jediProxy Error (stderr) /home/selz/.vscode-oss/extensions/ms-python.python-2020.10.332292344/pythonFiles/completion.py:626: DeprecationWarning: Deprecated since version 0.16.0. Use Script(...).infer instead.
  script.goto_definitions(), request["id"]

Error 2021-08-20 04:16:23: stderr jediProxy Error (stderr) /home/selz/.vscode-oss/extensions/ms-python.python-2020.10.332292344/pythonFiles/completion.py:592: DeprecationWarning: Providing the line is now done in the functions themselves like `Script(...).complete(line, column)`
  script = jedi.Script(
/home/selz/.vscode-oss/extensions/ms-python.python-2020.10.332292344/pythonFiles/completion.py:592: DeprecationWarning: Providing the column is now done in the functions themselves like `Script(...).complete(line, column)`
  script = jedi.Script(
/home/selz/.vscode-oss/extensions/ms-python.python-2020.10.332292344/pythonFiles/completion.py:592: DeprecationWarning: Use the code keyword argument instead.
  script = jedi.Script(
/home/selz/.vscode-oss/extensions/ms-python.python-2020.10.332292344/pythonFiles/completion.py:592: DeprecationWarning: Deprecated since version 0.17.0. Use the project API instead, which means Script(project=Project(dir, sys_path=sys_path)) instead.
  script = jedi.Script(

Error 2021-08-20 04:16:23: stderr jediProxy Error (stderr) /home/selz/.vscode-oss/extensions/ms-python.python-2020.10.332292344/pythonFiles/completion.py:626: DeprecationWarning: Deprecated since version 0.16.0. Use Script(...).infer instead.
  script.goto_definitions(), request["id"]

Error 2021-08-20 04:16:24: stderr jediProxy Error (stderr) /home/selz/.vscode-oss/extensions/ms-python.python-2020.10.332292344/pythonFiles/completion.py:144: DeprecationWarning: Deprecated since version 0.16.0. Use Script(...).get_signatures instead.
  call_signatures = script.call_signatures()

Error 2021-08-20 04:16:24: stderr jediProxy Error (stderr) /home/selz/.vscode-oss/extensions/ms-python.python-2020.10.332292344/pythonFiles/completion.py:592: DeprecationWarning: Providing the line is now done in the functions themselves like `Script(...).complete(line, column)`
  script = jedi.Script(
/home/selz/.vscode-oss/extensions/ms-python.python-2020.10.332292344/pythonFiles/completion.py:592: DeprecationWarning: Providing the column is now done in the functions themselves like `Script(...).complete(line, column)`
  script = jedi.Script(
/home/selz/.vscode-oss/extensions/ms-python.python-2020.10.332292344/pythonFiles/completion.py:592: DeprecationWarning: Use the code keyword argument instead.
  script = jedi.Script(
/home/selz/.vscode-oss/extensions/ms-python.python-2020.10.332292344/pythonFiles/completion.py:592: DeprecationWarning: Deprecated since version 0.17.0. Use the project API instead, which means Script(project=Project(dir, sys_path=sys_path)) instead.
  script = jedi.Script(

Error 2021-08-20 04:16:24: stderr jediProxy Error (stderr) /home/selz/.vscode-oss/extensions/ms-python.python-2020.10.332292344/pythonFiles/completion.py:144: DeprecationWarning: Deprecated since version 0.16.0. Use Script(...).get_signatures instead.
  call_signatures = script.call_signatures()

Error 2021-08-20 04:16:26: stderr jediProxy Error (stderr) /home/selz/.vscode-oss/extensions/ms-python.python-2020.10.332292344/pythonFiles/completion.py:584: DeprecationWarning: Deprecated since version 0.16.0. Use Script(...).get_names instead.
  jedi.api.names(

Error 2021-08-20 04:16:28: stderr jediProxy Error (stderr) /home/selz/.vscode-oss/extensions/ms-python.python-2020.10.332292344/pythonFiles/completion.py:592: DeprecationWarning: Providing the line is now done in the functions themselves like `Script(...).complete(line, column)`
  script = jedi.Script(
/home/selz/.vscode-oss/extensions/ms-python.python-2020.10.332292344/pythonFiles/completion.py:592: DeprecationWarning: Providing the column is now done in the functions themselves like `Script(...).complete(line, column)`
  script = jedi.Script(
/home/selz/.vscode-oss/extensions/ms-python.python-2020.10.332292344/pythonFiles/completion.py:592: DeprecationWarning: Use the code keyword argument instead.
  script = jedi.Script(
/home/selz/.vscode-oss/extensions/ms-python.python-2020.10.332292344/pythonFiles/completion.py:592: DeprecationWarning: Deprecated since version 0.17.0. Use the project API instead, which means Script(project=Project(dir, sys_path=sys_path)) instead.
  script = jedi.Script(

Error 2021-08-20 04:16:28: stderr jediProxy Error (stderr) /home/selz/.vscode-oss/extensions/ms-python.python-2020.10.332292344/pythonFiles/completion.py:105: DeprecationWarning: Deprecated since version 0.16.0. Use Script(...).get_signatures instead.
  call_signatures = script.call_signatures()

Error 2021-08-20 04:16:28: stderr jediProxy Error (stderr) /home/selz/.vscode-oss/extensions/ms-python.python-2020.10.332292344/pythonFiles/completion.py:230: DeprecationWarning: Deprecated since version 0.16.0. Use Script(...).complete instead.
  completions = script.completions()

Error 2021-08-20 04:16:28: stderr jediProxy Error (stderr) /home/selz/.vscode-oss/extensions/ms-python.python-2020.10.332292344/pythonFiles/completion.py:584: DeprecationWarning: Deprecated since version 0.16.0. Use Script(...).get_names instead.
  jedi.api.names(

Error 2021-08-20 04:16:28: stderr jediProxy Error (stderr) /home/selz/.vscode-oss/extensions/ms-python.python-2020.10.332292344/pythonFiles/completion.py:592: DeprecationWarning: Providing the line is now done in the functions themselves like `Script(...).complete(line, column)`
  script = jedi.Script(
/home/selz/.vscode-oss/extensions/ms-python.python-2020.10.332292344/pythonFiles/completion.py:592: DeprecationWarning: Providing the column is now done in the functions themselves like `Script(...).complete(line, column)`
  script = jedi.Script(
/home/selz/.vscode-oss/extensions/ms-python.python-2020.10.332292344/pythonFiles/completion.py:592: DeprecationWarning: Use the code keyword argument instead.
  script = jedi.Script(
/home/selz/.vscode-oss/extensions/ms-python.python-2020.10.332292344/pythonFiles/completion.py:592: DeprecationWarning: Deprecated since version 0.17.0. Use the project API instead, which means Script(project=Project(dir, sys_path=sys_path)) instead.
  script = jedi.Script(

Error 2021-08-20 04:16:28: stderr jediProxy Error (stderr) /home/selz/.vscode-oss/extensions/ms-python.python-2020.10.332292344/pythonFiles/completion.py:626: DeprecationWarning: Deprecated since version 0.16.0. Use Script(...).infer instead.
  script.goto_definitions(), request["id"]

> /usr/bin/python ~/.vscode-oss/extensions/ms-python.python-2020.10.332292344/pythonFiles/pyvsc-run-isolated.py pylint --disable=all --enable=F,unreachable,duplicate-key,unnecessary-semicolon,global-variable-not-assigned,unused-variable,unused-wildcard-import,binary-op-exception,bad-format-string,anomalous-backslash-in-string,bad-open-mode,E0001,E0011,E0012,E0100,E0101,E0102,E0103,E0104,E0105,E0107,E0108,E0110,E0111,E0112,E0113,E0114,E0115,E0116,E0117,E0118,E0202,E0203,E0211,E0213,E0236,E0237,E0238,E0239,E0240,E0241,E0301,E0302,E0303,E0401,E0402,E0601,E0602,E0603,E0604,E0611,E0632,E0633,E0701,E0702,E0703,E0704,E0710,E0711,E0712,E1003,E1101,E1102,E1111,E1120,E1121,E1123,E1124,E1125,E1126,E1127,E1128,E1129,E1130,E1131,E1132,E1133,E1134,E1135,E1136,E1137,E1138,E1139,E1200,E1201,E1205,E1206,E1300,E1301,E1302,E1303,E1304,E1305,E1306,E1310,E1700,E1701 --msg-template='{line},{column},{category},{symbol}:{msg}' --reports=n --output-format=text ~/source/python/neural_nets_beginner/flowers.py
cwd: ~/source/python/neural_nets_beginner
> /usr/bin/python ~/.vscode-oss/extensions/ms-python.python-2020.10.332292344/pythonFiles/pyvsc-run-isolated.py pylint --disable=all --enable=F,unreachable,duplicate-key,unnecessary-semicolon,global-variable-not-assigned,unused-variable,unused-wildcard-import,binary-op-exception,bad-format-string,anomalous-backslash-in-string,bad-open-mode,E0001,E0011,E0012,E0100,E0101,E0102,E0103,E0104,E0105,E0107,E0108,E0110,E0111,E0112,E0113,E0114,E0115,E0116,E0117,E0118,E0202,E0203,E0211,E0213,E0236,E0237,E0238,E0239,E0240,E0241,E0301,E0302,E0303,E0401,E0402,E0601,E0602,E0603,E0604,E0611,E0632,E0633,E0701,E0702,E0703,E0704,E0710,E0711,E0712,E1003,E1101,E1102,E1111,E1120,E1121,E1123,E1124,E1125,E1126,E1127,E1128,E1129,E1130,E1131,E1132,E1133,E1134,E1135,E1136,E1137,E1138,E1139,E1200,E1201,E1205,E1206,E1300,E1301,E1302,E1303,E1304,E1305,E1306,E1310,E1700,E1701 --msg-template='{line},{column},{category},{symbol}:{msg}' --reports=n --output-format=text ~/source/python/neural_nets_beginner/flowers.py
cwd: ~/source/python/neural_nets_beginner
Error 2021-08-20 04:16:30: stderr jediProxy Error (stderr) /home/selz/.vscode-oss/extensions/ms-python.python-2020.10.332292344/pythonFiles/completion.py:584: DeprecationWarning: Deprecated since version 0.16.0. Use Script(...).get_names instead.
  jedi.api.names(

##########Linting Output - pylint##########

--------------------------------------------------------------------
Your code has been rated at 10.00/10 (previous run: 10.00/10, +0.00)

Error 2021-08-20 04:16:46: stderr jediProxy Error (stderr) /home/selz/.vscode-oss/extensions/ms-python.python-2020.10.332292344/pythonFiles/completion.py:592: DeprecationWarning: Providing the line is now done in the functions themselves like `Script(...).complete(line, column)`
  script = jedi.Script(
/home/selz/.vscode-oss/extensions/ms-python.python-2020.10.332292344/pythonFiles/completion.py:592: DeprecationWarning: Providing the column is now done in the functions themselves like `Script(...).complete(line, column)`
  script = jedi.Script(
/home/selz/.vscode-oss/extensions/ms-python.python-2020.10.332292344/pythonFiles/completion.py:592: DeprecationWarning: Deprecated since version 0.17.0. Use the project API instead, which means Script(project=Project(dir, sys_path=sys_path)) instead.
  script = jedi.Script(

Error 2021-08-20 04:16:46: stderr jediProxy Error (stderr) /home/selz/.vscode-oss/extensions/ms-python.python-2020.10.332292344/pythonFiles/completion.py:626: DeprecationWarning: Deprecated since version 0.16.0. Use Script(...).infer instead.
  script.goto_definitions(), request["id"]

