[2021-07-22 12:07:44.780] [exthost] [info] extension host started
[2021-07-22 12:07:44.832] [exthost] [info] Lock '/home/selz/.config/Code - OSS/User/workspaceStorage/beb4d255a998e33e4ee7bab12a4acedb/vscode.lock': Lock acquired.
[2021-07-22 12:07:44.893] [exthost] [info] ExtensionService#_doActivateExtension vscode.typescript-language-features {"startup":false,"extensionId":{"value":"vscode.typescript-language-features","_lower":"vscode.typescript-language-features"},"activationEvent":"onLanguage:javascript"}
[2021-07-22 12:07:44.893] [exthost] [info] ExtensionService#loadCommonJSModule file:///usr/lib/code/extensions/typescript-language-features/dist/extension
[2021-07-22 12:07:44.918] [exthost] [info] ExtensionService#_doActivateExtension vscode.debug-auto-launch {"startup":true,"extensionId":{"value":"vscode.debug-auto-launch","_lower":"vscode.debug-auto-launch"},"activationEvent":"*"}
[2021-07-22 12:07:44.918] [exthost] [info] ExtensionService#loadCommonJSModule file:///usr/lib/code/extensions/debug-auto-launch/dist/extension
[2021-07-22 12:07:44.922] [exthost] [info] ExtensionService#_doActivateExtension vscode.git {"startup":true,"extensionId":{"value":"vscode.github","_lower":"vscode.github"},"activationEvent":"*"}
[2021-07-22 12:07:44.922] [exthost] [info] ExtensionService#loadCommonJSModule file:///usr/lib/code/extensions/git/dist/main
[2021-07-22 12:07:44.954] [exthost] [info] ExtensionService#_doActivateExtension asvetliakov.vscode-neovim {"startup":true,"extensionId":{"value":"asvetliakov.vscode-neovim","_lower":"asvetliakov.vscode-neovim"},"activationEvent":"*"}
[2021-07-22 12:07:44.954] [exthost] [info] ExtensionService#loadCommonJSModule file:///home/selz/.vscode-oss/extensions/asvetliakov.vscode-neovim-0.0.82/dist/extension.js
[2021-07-22 12:07:44.986] [exthost] [info] ExtensionService#_doActivateExtension christian-kohler.path-intellisense {"startup":true,"extensionId":{"value":"christian-kohler.path-intellisense","_lower":"christian-kohler.path-intellisense"},"activationEvent":"*"}
[2021-07-22 12:07:44.986] [exthost] [info] ExtensionService#loadCommonJSModule file:///home/selz/.vscode-oss/extensions/christian-kohler.path-intellisense-2.3.0/out/extension.js
[2021-07-22 12:07:45.036] [exthost] [info] ExtensionService#_doActivateExtension CoenraadS.bracket-pair-colorizer-2 {"startup":true,"extensionId":{"value":"CoenraadS.bracket-pair-colorizer-2","_lower":"coenraads.bracket-pair-colorizer-2"},"activationEvent":"*"}
[2021-07-22 12:07:45.036] [exthost] [info] ExtensionService#loadCommonJSModule file:///home/selz/.vscode-oss/extensions/coenraads.bracket-pair-colorizer-2-0.1.4/out/src/extension
[2021-07-22 12:07:45.062] [exthost] [info] ExtensionService#_doActivateExtension dbaeumer.vscode-eslint {"startup":true,"extensionId":{"value":"dbaeumer.vscode-eslint","_lower":"dbaeumer.vscode-eslint"},"activationEvent":"*"}
[2021-07-22 12:07:45.062] [exthost] [info] ExtensionService#loadCommonJSModule file:///home/selz/.vscode-oss/extensions/dbaeumer.vscode-eslint-2.1.8/client/out/extension
[2021-07-22 12:07:45.073] [exthost] [info] ExtensionService#_doActivateExtension ecmel.vscode-html-css {"startup":true,"extensionId":{"value":"ecmel.vscode-html-css","_lower":"ecmel.vscode-html-css"},"activationEvent":"*"}
[2021-07-22 12:07:45.073] [exthost] [info] ExtensionService#loadCommonJSModule file:///home/selz/.vscode-oss/extensions/ecmel.vscode-html-css-1.9.1/dist/extension.js
[2021-07-22 12:07:45.121] [exthost] [info] ExtensionService#_doActivateExtension Equinusocio.vsc-material-theme {"startup":true,"extensionId":{"value":"Equinusocio.vsc-material-theme","_lower":"equinusocio.vsc-material-theme"},"activationEvent":"*"}
[2021-07-22 12:07:45.121] [exthost] [info] ExtensionService#loadCommonJSModule file:///home/selz/.vscode-oss/extensions/equinusocio.vsc-material-theme-33.2.2/build/material.theme.config
[2021-07-22 12:07:45.135] [exthost] [info] ExtensionService#_doActivateExtension GitHub.vscode-pull-request-github {"startup":true,"extensionId":{"value":"GitHub.vscode-pull-request-github","_lower":"github.vscode-pull-request-github"},"activationEvent":"*"}
[2021-07-22 12:07:45.136] [exthost] [info] ExtensionService#loadCommonJSModule file:///home/selz/.vscode-oss/extensions/github.vscode-pull-request-github-0.26.0/dist/extension
[2021-07-22 12:07:45.180] [exthost] [info] ExtensionService#_doActivateExtension jock.svg {"startup":true,"extensionId":{"value":"jock.svg","_lower":"jock.svg"},"activationEvent":"*"}
[2021-07-22 12:07:45.180] [exthost] [info] ExtensionService#loadCommonJSModule file:///home/selz/.vscode-oss/extensions/jock.svg-1.4.1/client/out/extension.js
[2021-07-22 12:07:45.298] [exthost] [info] ExtensionService#_doActivateExtension PKief.material-icon-theme {"startup":true,"extensionId":{"value":"PKief.material-icon-theme","_lower":"pkief.material-icon-theme"},"activationEvent":"*"}
[2021-07-22 12:07:45.298] [exthost] [info] ExtensionService#loadCommonJSModule file:///home/selz/.vscode-oss/extensions/pkief.material-icon-theme-4.8.0/dist/extension
[2021-07-22 12:07:45.325] [exthost] [info] ExtensionService#_doActivateExtension ritwickdey.LiveServer {"startup":true,"extensionId":{"value":"ritwickdey.LiveServer","_lower":"ritwickdey.liveserver"},"activationEvent":"*"}
[2021-07-22 12:07:45.325] [exthost] [info] ExtensionService#loadCommonJSModule file:///home/selz/.vscode-oss/extensions/ritwickdey.liveserver-5.6.1/out/src/extension
[2021-07-22 12:07:45.887] [exthost] [info] ExtensionService#_doActivateExtension Shan.code-settings-sync {"startup":true,"extensionId":{"value":"Shan.code-settings-sync","_lower":"shan.code-settings-sync"},"activationEvent":"*"}
[2021-07-22 12:07:45.887] [exthost] [info] ExtensionService#loadCommonJSModule file:///home/selz/.vscode-oss/extensions/shan.code-settings-sync-3.4.3/out/extension.js
[2021-07-22 12:07:46.660] [exthost] [info] ExtensionService#_doActivateExtension vscode.github-authentication {"startup":false,"extensionId":{"value":"vscode.github-authentication","_lower":"vscode.github-authentication"},"activationEvent":"onAuthenticationRequest:github"}
[2021-07-22 12:07:46.660] [exthost] [info] ExtensionService#loadCommonJSModule file:///usr/lib/code/extensions/github-authentication/dist/extension.js
[2021-07-22 12:07:46.785] [exthost] [info] ExtensionService#_doActivateExtension ms-vscode.js-debug {"startup":false,"extensionId":{"value":"ms-vscode.js-debug","_lower":"ms-vscode.js-debug"},"activationEvent":"onCommand:extension.js-debug.clearAutoAttachVariables"}
[2021-07-22 12:07:46.785] [exthost] [info] ExtensionService#loadCommonJSModule file:///usr/lib/code/extensions/ms-vscode.js-debug/src/extension.js
[2021-07-22 12:07:47.079] [exthost] [info] ExtensionService#_doActivateExtension vscode.github {"startup":false,"extensionId":{"value":"vscode.github","_lower":"vscode.github"},"activationEvent":"*"}
[2021-07-22 12:07:47.079] [exthost] [info] ExtensionService#loadCommonJSModule file:///usr/lib/code/extensions/github/dist/extension.js
[2021-07-22 12:07:49.070] [exthost] [info] eager extensions activated
[2021-07-22 12:07:49.140] [exthost] [info] ExtensionService#_doActivateExtension vscode.emmet {"startup":false,"extensionId":{"value":"vscode.emmet","_lower":"vscode.emmet"},"activationEvent":"onStartupFinished"}
[2021-07-22 12:07:49.140] [exthost] [info] ExtensionService#loadCommonJSModule file:///usr/lib/code/extensions/emmet/dist/node/emmetNodeMain
[2021-07-22 12:07:49.171] [exthost] [info] ExtensionService#_doActivateExtension vscode.merge-conflict {"startup":false,"extensionId":{"value":"vscode.merge-conflict","_lower":"vscode.merge-conflict"},"activationEvent":"onStartupFinished"}
[2021-07-22 12:07:49.171] [exthost] [info] ExtensionService#loadCommonJSModule file:///usr/lib/code/extensions/merge-conflict/dist/mergeConflictMain
[2021-07-22 12:07:49.174] [exthost] [info] ExtensionService#_doActivateExtension vscode.testing-editor-contributions {"startup":false,"extensionId":{"value":"vscode.testing-editor-contributions","_lower":"vscode.testing-editor-contributions"},"activationEvent":"onStartupFinished"}
[2021-07-22 12:07:49.174] [exthost] [info] ExtensionService#loadCommonJSModule file:///usr/lib/code/extensions/testing-editor-contributions/dist/extension.js
[2021-07-22 12:07:49.176] [exthost] [info] ExtensionService#_doActivateExtension esbenp.prettier-vscode {"startup":false,"extensionId":{"value":"esbenp.prettier-vscode","_lower":"esbenp.prettier-vscode"},"activationEvent":"onStartupFinished"}
[2021-07-22 12:07:49.176] [exthost] [info] ExtensionService#loadCommonJSModule file:///home/selz/.vscode-oss/extensions/esbenp.prettier-vscode-6.4.0/dist/extension
[2021-07-22 12:07:49.276] [exthost] [info] ExtensionService#_doActivateExtension formulahendry.code-runner {"startup":false,"extensionId":{"value":"formulahendry.code-runner","_lower":"formulahendry.code-runner"},"activationEvent":"onStartupFinished"}
[2021-07-22 12:07:49.276] [exthost] [info] ExtensionService#loadCommonJSModule file:///home/selz/.vscode-oss/extensions/formulahendry.code-runner-0.11.5/out/src/extension
[2021-07-22 12:09:47.597] [exthost] [error] [GitHub.vscode-pull-request-github] provider FAILED
[2021-07-22 12:09:47.598] [exthost] [error] Error: [GitHub.vscode-pull-request-github]: Proposed API is only available when running out of dev or with the following command line switch: --enable-proposed-api GitHub.vscode-pull-request-github
	at m (/usr/lib/code/out/vs/workbench/services/extensions/node/extensionHostProcess.js:84:90347)
	at Object.d [as checkProposedApiEnabled] (/usr/lib/code/out/vs/workbench/services/extensions/node/extensionHostProcess.js:84:90294)
	at Object.getTokenInformationAtPosition (/usr/lib/code/out/vs/workbench/services/extensions/node/extensionHostProcess.js:93:27085)
	at Js (/home/selz/.vscode-oss/extensions/github.vscode-pull-request-github-0.26.0/dist/extension.js:1035:4753)
	at vu (/home/selz/.vscode-oss/extensions/github.vscode-pull-request-github-0.26.0/dist/extension.js:1035:4899)
	at ug.provideHover (/home/selz/.vscode-oss/extensions/github.vscode-pull-request-github-0.26.0/dist/extension.js:1078:51286)
	at /usr/lib/code/out/vs/workbench/services/extensions/node/extensionHostProcess.js:84:172675
	at /usr/lib/code/out/vs/workbench/services/extensions/node/extensionHostProcess.js:64:12691
	at new Promise (<anonymous>)
	at Object.d [as asPromise] (/usr/lib/code/out/vs/workbench/services/extensions/node/extensionHostProcess.js:64:12663)
	at v.provideHover (/usr/lib/code/out/vs/workbench/services/extensions/node/extensionHostProcess.js:84:172646)
	at /usr/lib/code/out/vs/workbench/services/extensions/node/extensionHostProcess.js:84:196463
	at Ve._withAdapter (/usr/lib/code/out/vs/workbench/services/extensions/node/extensionHostProcess.js:84:193249)
	at Ve.$provideHover (/usr/lib/code/out/vs/workbench/services/extensions/node/extensionHostProcess.js:84:196441)
	at u._doInvokeHandler (/usr/lib/code/out/vs/workbench/services/extensions/node/extensionHostProcess.js:88:12743)
	at u._invokeHandler (/usr/lib/code/out/vs/workbench/services/extensions/node/extensionHostProcess.js:88:12435)
	at u._receiveRequest (/usr/lib/code/out/vs/workbench/services/extensions/node/extensionHostProcess.js:88:11046)
	at u._receiveOneMessage (/usr/lib/code/out/vs/workbench/services/extensions/node/extensionHostProcess.js:88:9900)
	at /usr/lib/code/out/vs/workbench/services/extensions/node/extensionHostProcess.js:88:8004
	at d.fire (/usr/lib/code/out/vs/workbench/services/extensions/node/extensionHostProcess.js:57:1726)
	at h.fire (/usr/lib/code/out/vs/workbench/services/extensions/node/extensionHostProcess.js:65:15777)
	at /usr/lib/code/out/vs/workbench/services/extensions/node/extensionHostProcess.js:103:29793
	at d.fire (/usr/lib/code/out/vs/workbench/services/extensions/node/extensionHostProcess.js:57:1726)
	at h.fire (/usr/lib/code/out/vs/workbench/services/extensions/node/extensionHostProcess.js:65:15777)
	at r._receiveMessage (/usr/lib/code/out/vs/workbench/services/extensions/node/extensionHostProcess.js:65:21035)
	at /usr/lib/code/out/vs/workbench/services/extensions/node/extensionHostProcess.js:65:17921
	at d.fire (/usr/lib/code/out/vs/workbench/services/extensions/node/extensionHostProcess.js:57:1726)
	at c.acceptChunk (/usr/lib/code/out/vs/workbench/services/extensions/node/extensionHostProcess.js:65:13138)
	at /usr/lib/code/out/vs/workbench/services/extensions/node/extensionHostProcess.js:65:12486
	at Socket._ (/usr/lib/code/out/vs/workbench/services/extensions/node/extensionHostProcess.js:103:13107)
	at Socket.emit (events.js:315:20)
	at addChunk (internal/streams/readable.js:309:12)
	at readableAddChunk (internal/streams/readable.js:284:9)
	at Socket.Readable.push (internal/streams/readable.js:223:10)
	at Pipe.onStreamRead (internal/stream_base_commons.js:188:23)
[2021-07-22 12:09:47.600] [exthost] [error] [GitHub.vscode-pull-request-github] provider FAILED
[2021-07-22 12:09:47.600] [exthost] [error] Error: [GitHub.vscode-pull-request-github]: Proposed API is only available when running out of dev or with the following command line switch: --enable-proposed-api GitHub.vscode-pull-request-github
	at m (/usr/lib/code/out/vs/workbench/services/extensions/node/extensionHostProcess.js:84:90347)
	at Object.d [as checkProposedApiEnabled] (/usr/lib/code/out/vs/workbench/services/extensions/node/extensionHostProcess.js:84:90294)
	at Object.getTokenInformationAtPosition (/usr/lib/code/out/vs/workbench/services/extensions/node/extensionHostProcess.js:93:27085)
	at Js (/home/selz/.vscode-oss/extensions/github.vscode-pull-request-github-0.26.0/dist/extension.js:1035:4753)
	at vu (/home/selz/.vscode-oss/extensions/github.vscode-pull-request-github-0.26.0/dist/extension.js:1035:4899)
	at Xf.provideHover (/home/selz/.vscode-oss/extensions/github.vscode-pull-request-github-0.26.0/dist/extension.js:1078:36964)
	at /usr/lib/code/out/vs/workbench/services/extensions/node/extensionHostProcess.js:84:172675
	at /usr/lib/code/out/vs/workbench/services/extensions/node/extensionHostProcess.js:64:12691
	at new Promise (<anonymous>)
	at Object.d [as asPromise] (/usr/lib/code/out/vs/workbench/services/extensions/node/extensionHostProcess.js:64:12663)
	at v.provideHover (/usr/lib/code/out/vs/workbench/services/extensions/node/extensionHostProcess.js:84:172646)
	at /usr/lib/code/out/vs/workbench/services/extensions/node/extensionHostProcess.js:84:196463
	at Ve._withAdapter (/usr/lib/code/out/vs/workbench/services/extensions/node/extensionHostProcess.js:84:193249)
	at Ve.$provideHover (/usr/lib/code/out/vs/workbench/services/extensions/node/extensionHostProcess.js:84:196441)
	at u._doInvokeHandler (/usr/lib/code/out/vs/workbench/services/extensions/node/extensionHostProcess.js:88:12743)
	at u._invokeHandler (/usr/lib/code/out/vs/workbench/services/extensions/node/extensionHostProcess.js:88:12435)
	at u._receiveRequest (/usr/lib/code/out/vs/workbench/services/extensions/node/extensionHostProcess.js:88:11046)
	at u._receiveOneMessage (/usr/lib/code/out/vs/workbench/services/extensions/node/extensionHostProcess.js:88:9900)
	at /usr/lib/code/out/vs/workbench/services/extensions/node/extensionHostProcess.js:88:8004
	at d.fire (/usr/lib/code/out/vs/workbench/services/extensions/node/extensionHostProcess.js:57:1726)
	at h.fire (/usr/lib/code/out/vs/workbench/services/extensions/node/extensionHostProcess.js:65:15777)
	at /usr/lib/code/out/vs/workbench/services/extensions/node/extensionHostProcess.js:103:29793
	at d.fire (/usr/lib/code/out/vs/workbench/services/extensions/node/extensionHostProcess.js:57:1726)
	at h.fire (/usr/lib/code/out/vs/workbench/services/extensions/node/extensionHostProcess.js:65:15777)
	at r._receiveMessage (/usr/lib/code/out/vs/workbench/services/extensions/node/extensionHostProcess.js:65:21035)
	at /usr/lib/code/out/vs/workbench/services/extensions/node/extensionHostProcess.js:65:17921
	at d.fire (/usr/lib/code/out/vs/workbench/services/extensions/node/extensionHostProcess.js:57:1726)
	at c.acceptChunk (/usr/lib/code/out/vs/workbench/services/extensions/node/extensionHostProcess.js:65:13138)
	at /usr/lib/code/out/vs/workbench/services/extensions/node/extensionHostProcess.js:65:12486
	at Socket._ (/usr/lib/code/out/vs/workbench/services/extensions/node/extensionHostProcess.js:103:13107)
	at Socket.emit (events.js:315:20)
	at addChunk (internal/streams/readable.js:309:12)
	at readableAddChunk (internal/streams/readable.js:284:9)
	at Socket.Readable.push (internal/streams/readable.js:223:10)
	at Pipe.onStreamRead (internal/stream_base_commons.js:188:23)
[2021-07-22 13:09:42.840] [exthost] [error] [GitHub.vscode-pull-request-github] provider FAILED
[2021-07-22 13:09:42.841] [exthost] [error] Error: [GitHub.vscode-pull-request-github]: Proposed API is only available when running out of dev or with the following command line switch: --enable-proposed-api GitHub.vscode-pull-request-github
	at m (/usr/lib/code/out/vs/workbench/services/extensions/node/extensionHostProcess.js:84:90347)
	at Object.d [as checkProposedApiEnabled] (/usr/lib/code/out/vs/workbench/services/extensions/node/extensionHostProcess.js:84:90294)
	at Object.getTokenInformationAtPosition (/usr/lib/code/out/vs/workbench/services/extensions/node/extensionHostProcess.js:93:27085)
	at Js (/home/selz/.vscode-oss/extensions/github.vscode-pull-request-github-0.26.0/dist/extension.js:1035:4753)
	at vu (/home/selz/.vscode-oss/extensions/github.vscode-pull-request-github-0.26.0/dist/extension.js:1035:4899)
	at ug.provideHover (/home/selz/.vscode-oss/extensions/github.vscode-pull-request-github-0.26.0/dist/extension.js:1078:51286)
	at /usr/lib/code/out/vs/workbench/services/extensions/node/extensionHostProcess.js:84:172675
	at /usr/lib/code/out/vs/workbench/services/extensions/node/extensionHostProcess.js:64:12691
	at new Promise (<anonymous>)
	at Object.d [as asPromise] (/usr/lib/code/out/vs/workbench/services/extensions/node/extensionHostProcess.js:64:12663)
	at v.provideHover (/usr/lib/code/out/vs/workbench/services/extensions/node/extensionHostProcess.js:84:172646)
	at /usr/lib/code/out/vs/workbench/services/extensions/node/extensionHostProcess.js:84:196463
	at Ve._withAdapter (/usr/lib/code/out/vs/workbench/services/extensions/node/extensionHostProcess.js:84:193249)
	at Ve.$provideHover (/usr/lib/code/out/vs/workbench/services/extensions/node/extensionHostProcess.js:84:196441)
	at u._doInvokeHandler (/usr/lib/code/out/vs/workbench/services/extensions/node/extensionHostProcess.js:88:12743)
	at u._invokeHandler (/usr/lib/code/out/vs/workbench/services/extensions/node/extensionHostProcess.js:88:12435)
	at u._receiveRequest (/usr/lib/code/out/vs/workbench/services/extensions/node/extensionHostProcess.js:88:11046)
	at u._receiveOneMessage (/usr/lib/code/out/vs/workbench/services/extensions/node/extensionHostProcess.js:88:9900)
	at /usr/lib/code/out/vs/workbench/services/extensions/node/extensionHostProcess.js:88:8004
	at d.fire (/usr/lib/code/out/vs/workbench/services/extensions/node/extensionHostProcess.js:57:1726)
	at h.fire (/usr/lib/code/out/vs/workbench/services/extensions/node/extensionHostProcess.js:65:15777)
	at /usr/lib/code/out/vs/workbench/services/extensions/node/extensionHostProcess.js:103:29793
	at d.fire (/usr/lib/code/out/vs/workbench/services/extensions/node/extensionHostProcess.js:57:1726)
	at h.fire (/usr/lib/code/out/vs/workbench/services/extensions/node/extensionHostProcess.js:65:15777)
	at r._receiveMessage (/usr/lib/code/out/vs/workbench/services/extensions/node/extensionHostProcess.js:65:21035)
	at /usr/lib/code/out/vs/workbench/services/extensions/node/extensionHostProcess.js:65:17921
	at d.fire (/usr/lib/code/out/vs/workbench/services/extensions/node/extensionHostProcess.js:57:1726)
	at c.acceptChunk (/usr/lib/code/out/vs/workbench/services/extensions/node/extensionHostProcess.js:65:13138)
	at /usr/lib/code/out/vs/workbench/services/extensions/node/extensionHostProcess.js:65:12486
	at Socket._ (/usr/lib/code/out/vs/workbench/services/extensions/node/extensionHostProcess.js:103:13107)
	at Socket.emit (events.js:315:20)
	at addChunk (internal/streams/readable.js:309:12)
	at readableAddChunk (internal/streams/readable.js:284:9)
	at Socket.Readable.push (internal/streams/readable.js:223:10)
	at Pipe.onStreamRead (internal/stream_base_commons.js:188:23)
[2021-07-22 13:09:42.841] [exthost] [error] [GitHub.vscode-pull-request-github] provider FAILED
[2021-07-22 13:09:42.843] [exthost] [error] Error: [GitHub.vscode-pull-request-github]: Proposed API is only available when running out of dev or with the following command line switch: --enable-proposed-api GitHub.vscode-pull-request-github
	at m (/usr/lib/code/out/vs/workbench/services/extensions/node/extensionHostProcess.js:84:90347)
	at Object.d [as checkProposedApiEnabled] (/usr/lib/code/out/vs/workbench/services/extensions/node/extensionHostProcess.js:84:90294)
	at Object.getTokenInformationAtPosition (/usr/lib/code/out/vs/workbench/services/extensions/node/extensionHostProcess.js:93:27085)
	at Js (/home/selz/.vscode-oss/extensions/github.vscode-pull-request-github-0.26.0/dist/extension.js:1035:4753)
	at vu (/home/selz/.vscode-oss/extensions/github.vscode-pull-request-github-0.26.0/dist/extension.js:1035:4899)
	at Xf.provideHover (/home/selz/.vscode-oss/extensions/github.vscode-pull-request-github-0.26.0/dist/extension.js:1078:36964)
	at /usr/lib/code/out/vs/workbench/services/extensions/node/extensionHostProcess.js:84:172675
	at /usr/lib/code/out/vs/workbench/services/extensions/node/extensionHostProcess.js:64:12691
	at new Promise (<anonymous>)
	at Object.d [as asPromise] (/usr/lib/code/out/vs/workbench/services/extensions/node/extensionHostProcess.js:64:12663)
	at v.provideHover (/usr/lib/code/out/vs/workbench/services/extensions/node/extensionHostProcess.js:84:172646)
	at /usr/lib/code/out/vs/workbench/services/extensions/node/extensionHostProcess.js:84:196463
	at Ve._withAdapter (/usr/lib/code/out/vs/workbench/services/extensions/node/extensionHostProcess.js:84:193249)
	at Ve.$provideHover (/usr/lib/code/out/vs/workbench/services/extensions/node/extensionHostProcess.js:84:196441)
	at u._doInvokeHandler (/usr/lib/code/out/vs/workbench/services/extensions/node/extensionHostProcess.js:88:12743)
	at u._invokeHandler (/usr/lib/code/out/vs/workbench/services/extensions/node/extensionHostProcess.js:88:12435)
	at u._receiveRequest (/usr/lib/code/out/vs/workbench/services/extensions/node/extensionHostProcess.js:88:11046)
	at u._receiveOneMessage (/usr/lib/code/out/vs/workbench/services/extensions/node/extensionHostProcess.js:88:9900)
	at /usr/lib/code/out/vs/workbench/services/extensions/node/extensionHostProcess.js:88:8004
	at d.fire (/usr/lib/code/out/vs/workbench/services/extensions/node/extensionHostProcess.js:57:1726)
	at h.fire (/usr/lib/code/out/vs/workbench/services/extensions/node/extensionHostProcess.js:65:15777)
	at /usr/lib/code/out/vs/workbench/services/extensions/node/extensionHostProcess.js:103:29793
	at d.fire (/usr/lib/code/out/vs/workbench/services/extensions/node/extensionHostProcess.js:57:1726)
	at h.fire (/usr/lib/code/out/vs/workbench/services/extensions/node/extensionHostProcess.js:65:15777)
	at r._receiveMessage (/usr/lib/code/out/vs/workbench/services/extensions/node/extensionHostProcess.js:65:21035)
	at /usr/lib/code/out/vs/workbench/services/extensions/node/extensionHostProcess.js:65:17921
	at d.fire (/usr/lib/code/out/vs/workbench/services/extensions/node/extensionHostProcess.js:57:1726)
	at c.acceptChunk (/usr/lib/code/out/vs/workbench/services/extensions/node/extensionHostProcess.js:65:13138)
	at /usr/lib/code/out/vs/workbench/services/extensions/node/extensionHostProcess.js:65:12486
	at Socket._ (/usr/lib/code/out/vs/workbench/services/extensions/node/extensionHostProcess.js:103:13107)
	at Socket.emit (events.js:315:20)
	at addChunk (internal/streams/readable.js:309:12)
	at readableAddChunk (internal/streams/readable.js:284:9)
	at Socket.Readable.push (internal/streams/readable.js:223:10)
	at Pipe.onStreamRead (internal/stream_base_commons.js:188:23)
[2021-07-22 13:10:09.237] [exthost] [error] [GitHub.vscode-pull-request-github] provider FAILED
[2021-07-22 13:10:09.238] [exthost] [error] Error: [GitHub.vscode-pull-request-github]: Proposed API is only available when running out of dev or with the following command line switch: --enable-proposed-api GitHub.vscode-pull-request-github
	at m (/usr/lib/code/out/vs/workbench/services/extensions/node/extensionHostProcess.js:84:90347)
	at Object.d [as checkProposedApiEnabled] (/usr/lib/code/out/vs/workbench/services/extensions/node/extensionHostProcess.js:84:90294)
	at Object.getTokenInformationAtPosition (/usr/lib/code/out/vs/workbench/services/extensions/node/extensionHostProcess.js:93:27085)
	at Js (/home/selz/.vscode-oss/extensions/github.vscode-pull-request-github-0.26.0/dist/extension.js:1035:4753)
	at vu (/home/selz/.vscode-oss/extensions/github.vscode-pull-request-github-0.26.0/dist/extension.js:1035:4899)
	at ug.provideHover (/home/selz/.vscode-oss/extensions/github.vscode-pull-request-github-0.26.0/dist/extension.js:1078:51286)
	at /usr/lib/code/out/vs/workbench/services/extensions/node/extensionHostProcess.js:84:172675
	at /usr/lib/code/out/vs/workbench/services/extensions/node/extensionHostProcess.js:64:12691
	at new Promise (<anonymous>)
	at Object.d [as asPromise] (/usr/lib/code/out/vs/workbench/services/extensions/node/extensionHostProcess.js:64:12663)
	at v.provideHover (/usr/lib/code/out/vs/workbench/services/extensions/node/extensionHostProcess.js:84:172646)
	at /usr/lib/code/out/vs/workbench/services/extensions/node/extensionHostProcess.js:84:196463
	at Ve._withAdapter (/usr/lib/code/out/vs/workbench/services/extensions/node/extensionHostProcess.js:84:193249)
	at Ve.$provideHover (/usr/lib/code/out/vs/workbench/services/extensions/node/extensionHostProcess.js:84:196441)
	at u._doInvokeHandler (/usr/lib/code/out/vs/workbench/services/extensions/node/extensionHostProcess.js:88:12743)
	at u._invokeHandler (/usr/lib/code/out/vs/workbench/services/extensions/node/extensionHostProcess.js:88:12435)
	at u._receiveRequest (/usr/lib/code/out/vs/workbench/services/extensions/node/extensionHostProcess.js:88:11046)
	at u._receiveOneMessage (/usr/lib/code/out/vs/workbench/services/extensions/node/extensionHostProcess.js:88:9900)
	at /usr/lib/code/out/vs/workbench/services/extensions/node/extensionHostProcess.js:88:8004
	at d.fire (/usr/lib/code/out/vs/workbench/services/extensions/node/extensionHostProcess.js:57:1726)
	at h.fire (/usr/lib/code/out/vs/workbench/services/extensions/node/extensionHostProcess.js:65:15777)
	at /usr/lib/code/out/vs/workbench/services/extensions/node/extensionHostProcess.js:103:29793
	at d.fire (/usr/lib/code/out/vs/workbench/services/extensions/node/extensionHostProcess.js:57:1726)
	at h.fire (/usr/lib/code/out/vs/workbench/services/extensions/node/extensionHostProcess.js:65:15777)
	at r._receiveMessage (/usr/lib/code/out/vs/workbench/services/extensions/node/extensionHostProcess.js:65:21035)
	at /usr/lib/code/out/vs/workbench/services/extensions/node/extensionHostProcess.js:65:17921
	at d.fire (/usr/lib/code/out/vs/workbench/services/extensions/node/extensionHostProcess.js:57:1726)
	at c.acceptChunk (/usr/lib/code/out/vs/workbench/services/extensions/node/extensionHostProcess.js:65:13138)
	at /usr/lib/code/out/vs/workbench/services/extensions/node/extensionHostProcess.js:65:12486
	at Socket._ (/usr/lib/code/out/vs/workbench/services/extensions/node/extensionHostProcess.js:103:13107)
	at Socket.emit (events.js:315:20)
	at addChunk (internal/streams/readable.js:309:12)
	at readableAddChunk (internal/streams/readable.js:284:9)
	at Socket.Readable.push (internal/streams/readable.js:223:10)
	at Pipe.onStreamRead (internal/stream_base_commons.js:188:23)
[2021-07-22 13:10:09.239] [exthost] [error] [GitHub.vscode-pull-request-github] provider FAILED
[2021-07-22 13:10:09.240] [exthost] [error] Error: [GitHub.vscode-pull-request-github]: Proposed API is only available when running out of dev or with the following command line switch: --enable-proposed-api GitHub.vscode-pull-request-github
	at m (/usr/lib/code/out/vs/workbench/services/extensions/node/extensionHostProcess.js:84:90347)
	at Object.d [as checkProposedApiEnabled] (/usr/lib/code/out/vs/workbench/services/extensions/node/extensionHostProcess.js:84:90294)
	at Object.getTokenInformationAtPosition (/usr/lib/code/out/vs/workbench/services/extensions/node/extensionHostProcess.js:93:27085)
	at Js (/home/selz/.vscode-oss/extensions/github.vscode-pull-request-github-0.26.0/dist/extension.js:1035:4753)
	at vu (/home/selz/.vscode-oss/extensions/github.vscode-pull-request-github-0.26.0/dist/extension.js:1035:4899)
	at Xf.provideHover (/home/selz/.vscode-oss/extensions/github.vscode-pull-request-github-0.26.0/dist/extension.js:1078:36964)
	at /usr/lib/code/out/vs/workbench/services/extensions/node/extensionHostProcess.js:84:172675
	at /usr/lib/code/out/vs/workbench/services/extensions/node/extensionHostProcess.js:64:12691
	at new Promise (<anonymous>)
	at Object.d [as asPromise] (/usr/lib/code/out/vs/workbench/services/extensions/node/extensionHostProcess.js:64:12663)
	at v.provideHover (/usr/lib/code/out/vs/workbench/services/extensions/node/extensionHostProcess.js:84:172646)
	at /usr/lib/code/out/vs/workbench/services/extensions/node/extensionHostProcess.js:84:196463
	at Ve._withAdapter (/usr/lib/code/out/vs/workbench/services/extensions/node/extensionHostProcess.js:84:193249)
	at Ve.$provideHover (/usr/lib/code/out/vs/workbench/services/extensions/node/extensionHostProcess.js:84:196441)
	at u._doInvokeHandler (/usr/lib/code/out/vs/workbench/services/extensions/node/extensionHostProcess.js:88:12743)
	at u._invokeHandler (/usr/lib/code/out/vs/workbench/services/extensions/node/extensionHostProcess.js:88:12435)
	at u._receiveRequest (/usr/lib/code/out/vs/workbench/services/extensions/node/extensionHostProcess.js:88:11046)
	at u._receiveOneMessage (/usr/lib/code/out/vs/workbench/services/extensions/node/extensionHostProcess.js:88:9900)
	at /usr/lib/code/out/vs/workbench/services/extensions/node/extensionHostProcess.js:88:8004
	at d.fire (/usr/lib/code/out/vs/workbench/services/extensions/node/extensionHostProcess.js:57:1726)
	at h.fire (/usr/lib/code/out/vs/workbench/services/extensions/node/extensionHostProcess.js:65:15777)
	at /usr/lib/code/out/vs/workbench/services/extensions/node/extensionHostProcess.js:103:29793
	at d.fire (/usr/lib/code/out/vs/workbench/services/extensions/node/extensionHostProcess.js:57:1726)
	at h.fire (/usr/lib/code/out/vs/workbench/services/extensions/node/extensionHostProcess.js:65:15777)
	at r._receiveMessage (/usr/lib/code/out/vs/workbench/services/extensions/node/extensionHostProcess.js:65:21035)
	at /usr/lib/code/out/vs/workbench/services/extensions/node/extensionHostProcess.js:65:17921
	at d.fire (/usr/lib/code/out/vs/workbench/services/extensions/node/extensionHostProcess.js:57:1726)
	at c.acceptChunk (/usr/lib/code/out/vs/workbench/services/extensions/node/extensionHostProcess.js:65:13138)
	at /usr/lib/code/out/vs/workbench/services/extensions/node/extensionHostProcess.js:65:12486
	at Socket._ (/usr/lib/code/out/vs/workbench/services/extensions/node/extensionHostProcess.js:103:13107)
	at Socket.emit (events.js:315:20)
	at addChunk (internal/streams/readable.js:309:12)
	at readableAddChunk (internal/streams/readable.js:284:9)
	at Socket.Readable.push (internal/streams/readable.js:223:10)
	at Pipe.onStreamRead (internal/stream_base_commons.js:188:23)
[2021-07-22 13:10:09.634] [exthost] [info] ExtensionService#_doActivateExtension vscode.extension-editing {"startup":false,"extensionId":{"value":"vscode.extension-editing","_lower":"vscode.extension-editing"},"activationEvent":"onLanguage:typescript"}
[2021-07-22 13:10:09.636] [exthost] [info] ExtensionService#loadCommonJSModule file:///usr/lib/code/extensions/extension-editing/dist/extensionEditingMain
[2021-07-22 13:10:11.342] [exthost] [info] extension host terminating: renderer closed the socket
[2021-07-22 13:10:11.342] [exthost] [info] Lock '/home/selz/.config/Code - OSS/User/workspaceStorage/beb4d255a998e33e4ee7bab12a4acedb/vscode.lock': Marking the lockfile as scheduled to be released in 6000 ms.
[2021-07-22 13:10:12.391] [exthost] [info] exiting with code 0
