CODE SETTINGS SYNC UPLOAD SUMMARY
Version: 3.4.3
--------------------
GitHub Token: gho_**********
GitHub Gist: 9c44aa19cf16e642cc40bf7f042b0d77
GitHub Gist Type: Secret

Restarting Visual Studio Code may be required to apply color and file icon theme.
--------------------
Files Uploaded:
  extensions.json > extensions.json
  keybindings.json > keybindings.json
  settings.json > settings.json

Extensions Ignored:
  No extensions ignored.

Extensions Removed:
  No extensions removed.

Extensions Added:
  bash-ide-vscode v1.11.0
  bracket-pair-colorizer-2 v0.1.4
  code-runner v0.11.5
  code-settings-sync v3.4.3
  godot-tools v1.1.2
  java v0.80.0
  latex-workshop v8.19.2
  LiveServer v5.6.1
  markdown-all-in-one v3.4.0
  material-icon-theme v4.8.0
  path-intellisense v2.3.0
  prettier-vscode v6.4.0
  python v2020.10.332292344
  svg v1.4.1
  viml v0.1.7
  vsc-material-theme v33.2.2
  vscode-clangd v0.1.11
  vscode-eslint v2.1.8
  vscode-html-css v1.9.1
  vscode-neovim v0.0.82
  vscode-pull-request-github v0.26.0
--------------------
Done.