[2021-08-20 04:15:07.597] [exthost] [info] extension host started
[2021-08-20 04:15:07.618] [exthost] [info] Lock '/home/selz/.config/Code - OSS/User/workspaceStorage/19c9db041b4e83379a53e3f54c0a148a/vscode.lock': Lock acquired.
[2021-08-20 04:15:07.658] [exthost] [info] ExtensionService#_doActivateExtension vscode.debug-auto-launch {"startup":true,"extensionId":{"value":"vscode.debug-auto-launch","_lower":"vscode.debug-auto-launch"},"activationEvent":"*"}
[2021-08-20 04:15:07.658] [exthost] [info] ExtensionService#loadCommonJSModule file:///usr/lib/code/extensions/debug-auto-launch/dist/extension
[2021-08-20 04:15:07.664] [exthost] [info] ExtensionService#_doActivateExtension vscode.git {"startup":true,"extensionId":{"value":"vscode.github","_lower":"vscode.github"},"activationEvent":"*"}
[2021-08-20 04:15:07.664] [exthost] [info] ExtensionService#loadCommonJSModule file:///usr/lib/code/extensions/git/dist/main
[2021-08-20 04:15:07.690] [exthost] [info] ExtensionService#_doActivateExtension asvetliakov.vscode-neovim {"startup":true,"extensionId":{"value":"asvetliakov.vscode-neovim","_lower":"asvetliakov.vscode-neovim"},"activationEvent":"*"}
[2021-08-20 04:15:07.690] [exthost] [info] ExtensionService#loadCommonJSModule file:///home/selz/.vscode-oss/extensions/asvetliakov.vscode-neovim-0.0.82/dist/extension.js
[2021-08-20 04:15:07.715] [exthost] [info] ExtensionService#_doActivateExtension christian-kohler.path-intellisense {"startup":true,"extensionId":{"value":"christian-kohler.path-intellisense","_lower":"christian-kohler.path-intellisense"},"activationEvent":"*"}
[2021-08-20 04:15:07.715] [exthost] [info] ExtensionService#loadCommonJSModule file:///home/selz/.vscode-oss/extensions/christian-kohler.path-intellisense-2.3.0/out/extension.js
[2021-08-20 04:15:07.746] [exthost] [info] ExtensionService#_doActivateExtension CoenraadS.bracket-pair-colorizer-2 {"startup":true,"extensionId":{"value":"CoenraadS.bracket-pair-colorizer-2","_lower":"coenraads.bracket-pair-colorizer-2"},"activationEvent":"*"}
[2021-08-20 04:15:07.746] [exthost] [info] ExtensionService#loadCommonJSModule file:///home/selz/.vscode-oss/extensions/coenraads.bracket-pair-colorizer-2-0.1.4/out/src/extension
[2021-08-20 04:15:07.773] [exthost] [info] ExtensionService#_doActivateExtension dbaeumer.vscode-eslint {"startup":true,"extensionId":{"value":"dbaeumer.vscode-eslint","_lower":"dbaeumer.vscode-eslint"},"activationEvent":"*"}
[2021-08-20 04:15:07.773] [exthost] [info] ExtensionService#loadCommonJSModule file:///home/selz/.vscode-oss/extensions/dbaeumer.vscode-eslint-2.1.8/client/out/extension
[2021-08-20 04:15:07.784] [exthost] [info] ExtensionService#_doActivateExtension ecmel.vscode-html-css {"startup":true,"extensionId":{"value":"ecmel.vscode-html-css","_lower":"ecmel.vscode-html-css"},"activationEvent":"*"}
[2021-08-20 04:15:07.784] [exthost] [info] ExtensionService#loadCommonJSModule file:///home/selz/.vscode-oss/extensions/ecmel.vscode-html-css-1.9.1/dist/extension.js
[2021-08-20 04:15:07.816] [exthost] [info] ExtensionService#_doActivateExtension Equinusocio.vsc-material-theme {"startup":true,"extensionId":{"value":"Equinusocio.vsc-material-theme","_lower":"equinusocio.vsc-material-theme"},"activationEvent":"*"}
[2021-08-20 04:15:07.816] [exthost] [info] ExtensionService#loadCommonJSModule file:///home/selz/.vscode-oss/extensions/equinusocio.vsc-material-theme-33.2.2/build/material.theme.config
[2021-08-20 04:15:07.829] [exthost] [info] ExtensionService#_doActivateExtension GitHub.vscode-pull-request-github {"startup":true,"extensionId":{"value":"GitHub.vscode-pull-request-github","_lower":"github.vscode-pull-request-github"},"activationEvent":"*"}
[2021-08-20 04:15:07.829] [exthost] [info] ExtensionService#loadCommonJSModule file:///home/selz/.vscode-oss/extensions/github.vscode-pull-request-github-0.26.0/dist/extension
[2021-08-20 04:15:07.860] [exthost] [info] ExtensionService#_doActivateExtension jock.svg {"startup":true,"extensionId":{"value":"jock.svg","_lower":"jock.svg"},"activationEvent":"*"}
[2021-08-20 04:15:07.860] [exthost] [info] ExtensionService#loadCommonJSModule file:///home/selz/.vscode-oss/extensions/jock.svg-1.4.1/client/out/extension.js
[2021-08-20 04:15:07.932] [exthost] [info] ExtensionService#_doActivateExtension PKief.material-icon-theme {"startup":true,"extensionId":{"value":"PKief.material-icon-theme","_lower":"pkief.material-icon-theme"},"activationEvent":"*"}
[2021-08-20 04:15:07.933] [exthost] [info] ExtensionService#loadCommonJSModule file:///home/selz/.vscode-oss/extensions/pkief.material-icon-theme-4.8.0/dist/extension
[2021-08-20 04:15:07.957] [exthost] [info] ExtensionService#_doActivateExtension ritwickdey.LiveServer {"startup":true,"extensionId":{"value":"ritwickdey.LiveServer","_lower":"ritwickdey.liveserver"},"activationEvent":"*"}
[2021-08-20 04:15:07.957] [exthost] [info] ExtensionService#loadCommonJSModule file:///home/selz/.vscode-oss/extensions/ritwickdey.liveserver-5.6.1/out/src/extension
[2021-08-20 04:15:08.579] [exthost] [info] ExtensionService#_doActivateExtension Shan.code-settings-sync {"startup":true,"extensionId":{"value":"Shan.code-settings-sync","_lower":"shan.code-settings-sync"},"activationEvent":"*"}
[2021-08-20 04:15:08.580] [exthost] [info] ExtensionService#loadCommonJSModule file:///home/selz/.vscode-oss/extensions/shan.code-settings-sync-3.4.3/out/extension.js
[2021-08-20 04:15:08.872] [exthost] [info] ExtensionService#_doActivateExtension ms-python.python {"startup":false,"extensionId":{"value":"ms-python.python","_lower":"ms-python.python"},"activationEvent":"onLanguage:python"}
[2021-08-20 04:15:08.872] [exthost] [info] ExtensionService#loadCommonJSModule file:///home/selz/.vscode-oss/extensions/ms-python.python-2020.10.332292344/out/client/extension
[2021-08-20 04:15:09.175] [exthost] [info] ExtensionService#_doActivateExtension vscode.github-authentication {"startup":false,"extensionId":{"value":"vscode.github-authentication","_lower":"vscode.github-authentication"},"activationEvent":"onAuthenticationRequest:github"}
[2021-08-20 04:15:09.175] [exthost] [info] ExtensionService#loadCommonJSModule file:///usr/lib/code/extensions/github-authentication/dist/extension.js
[2021-08-20 04:15:09.248] [exthost] [info] ExtensionService#_doActivateExtension ms-vscode.js-debug {"startup":false,"extensionId":{"value":"ms-vscode.js-debug","_lower":"ms-vscode.js-debug"},"activationEvent":"onCommand:extension.js-debug.clearAutoAttachVariables"}
[2021-08-20 04:15:09.248] [exthost] [info] ExtensionService#loadCommonJSModule file:///usr/lib/code/extensions/ms-vscode.js-debug/src/extension.js
[2021-08-20 04:15:09.424] [exthost] [info] ExtensionService#_doActivateExtension vscode.github {"startup":false,"extensionId":{"value":"vscode.github","_lower":"vscode.github"},"activationEvent":"*"}
[2021-08-20 04:15:09.424] [exthost] [info] ExtensionService#loadCommonJSModule file:///usr/lib/code/extensions/github/dist/extension.js
[2021-08-20 04:15:10.176] [exthost] [info] eager extensions activated
[2021-08-20 04:15:11.114] [exthost] [info] ExtensionService#_doActivateExtension vscode.emmet {"startup":false,"extensionId":{"value":"vscode.emmet","_lower":"vscode.emmet"},"activationEvent":"onStartupFinished"}
[2021-08-20 04:15:11.114] [exthost] [info] ExtensionService#loadCommonJSModule file:///usr/lib/code/extensions/emmet/dist/node/emmetNodeMain
[2021-08-20 04:15:11.123] [exthost] [info] ExtensionService#_doActivateExtension vscode.merge-conflict {"startup":false,"extensionId":{"value":"vscode.merge-conflict","_lower":"vscode.merge-conflict"},"activationEvent":"onStartupFinished"}
[2021-08-20 04:15:11.124] [exthost] [info] ExtensionService#loadCommonJSModule file:///usr/lib/code/extensions/merge-conflict/dist/mergeConflictMain
[2021-08-20 04:15:11.127] [exthost] [info] ExtensionService#_doActivateExtension vscode.testing-editor-contributions {"startup":false,"extensionId":{"value":"vscode.testing-editor-contributions","_lower":"vscode.testing-editor-contributions"},"activationEvent":"onStartupFinished"}
[2021-08-20 04:15:11.127] [exthost] [info] ExtensionService#loadCommonJSModule file:///usr/lib/code/extensions/testing-editor-contributions/dist/extension.js
[2021-08-20 04:15:11.129] [exthost] [info] ExtensionService#_doActivateExtension esbenp.prettier-vscode {"startup":false,"extensionId":{"value":"esbenp.prettier-vscode","_lower":"esbenp.prettier-vscode"},"activationEvent":"onStartupFinished"}
[2021-08-20 04:15:11.129] [exthost] [info] ExtensionService#loadCommonJSModule file:///home/selz/.vscode-oss/extensions/esbenp.prettier-vscode-6.4.0/dist/extension
[2021-08-20 04:15:11.241] [exthost] [info] ExtensionService#_doActivateExtension formulahendry.code-runner {"startup":false,"extensionId":{"value":"formulahendry.code-runner","_lower":"formulahendry.code-runner"},"activationEvent":"onStartupFinished"}
[2021-08-20 04:15:11.242] [exthost] [info] ExtensionService#loadCommonJSModule file:///home/selz/.vscode-oss/extensions/formulahendry.code-runner-0.11.5/out/src/extension
[2021-08-20 04:18:03.202] [exthost] [info] ExtensionService#_doActivateExtension vscode.configuration-editing {"startup":false,"extensionId":{"value":"vscode.configuration-editing","_lower":"vscode.configuration-editing"},"activationEvent":"onLanguage:jsonc"}
[2021-08-20 04:18:03.202] [exthost] [info] ExtensionService#loadCommonJSModule file:///usr/lib/code/extensions/configuration-editing/dist/configurationEditingMain
[2021-08-20 04:18:03.208] [exthost] [info] ExtensionService#_doActivateExtension vscode.json-language-features {"startup":false,"extensionId":{"value":"vscode.json-language-features","_lower":"vscode.json-language-features"},"activationEvent":"onLanguage:jsonc"}
[2021-08-20 04:18:03.209] [exthost] [info] ExtensionService#loadCommonJSModule file:///usr/lib/code/extensions/json-language-features/client/dist/node/jsonClientMain
[2021-08-20 04:18:03.252] [exthost] [info] ExtensionService#_doActivateExtension vscode.typescript-language-features {"startup":false,"extensionId":{"value":"vscode.typescript-language-features","_lower":"vscode.typescript-language-features"},"activationEvent":"onLanguage:jsonc"}
[2021-08-20 04:18:03.253] [exthost] [info] ExtensionService#loadCommonJSModule file:///usr/lib/code/extensions/typescript-language-features/dist/extension
[2021-08-20 04:18:04.257] [exthost] [error] [vscode.json-language-features] provider FAILED
[2021-08-20 04:18:04.257] [exthost] [error] Canceled: Canceled
	at b.makeCancelError (/usr/lib/code/extensions/json-language-features/client/dist/node/jsonClientMain.js:1:64563)
	at b.handleFailedRequest (/usr/lib/code/extensions/json-language-features/client/dist/node/jsonClientMain.js:1:64414)
	at /usr/lib/code/extensions/json-language-features/client/dist/node/jsonClientMain.js:1:24756
	at runNextTicks (internal/process/task_queues.js:58:5)
	at processImmediate (internal/timers.js:434:9)
